mode: set
github.com\33cn\chain33\p2p\common.go:28.51,31.29 2 1
github.com\33cn\chain33\p2p\common.go:48.2,48.20 1 1
github.com\33cn\chain33\p2p\common.go:31.29,33.17 2 1
github.com\33cn\chain33\p2p\common.go:37.3,38.17 2 1
github.com\33cn\chain33\p2p\common.go:42.3,43.17 2 1
github.com\33cn\chain33\p2p\common.go:46.3,46.42 1 1
github.com\33cn\chain33\p2p\common.go:33.17,35.12 2 0
github.com\33cn\chain33\p2p\common.go:38.17,40.12 1 1
github.com\33cn\chain33\p2p\common.go:43.17,45.4 1 0
github.com\33cn\chain33\p2p\common.go:52.37,56.19 4 1
github.com\33cn\chain33\p2p\common.go:61.2,61.18 1 1
github.com\33cn\chain33\p2p\common.go:56.19,59.3 1 1
github.com\33cn\chain33\p2p\common.go:65.37,68.16 2 1
github.com\33cn\chain33\p2p\common.go:73.2,75.57 3 1
github.com\33cn\chain33\p2p\common.go:68.16,71.3 2 0
github.com\33cn\chain33\p2p\common.go:78.97,81.16 3 1
github.com\33cn\chain33\p2p\common.go:85.2,86.16 2 1
github.com\33cn\chain33\p2p\common.go:90.2,93.16 3 1
github.com\33cn\chain33\p2p\common.go:97.2,97.18 1 1
github.com\33cn\chain33\p2p\common.go:81.16,83.3 1 1
github.com\33cn\chain33\p2p\common.go:86.16,89.3 2 0
github.com\33cn\chain33\p2p\common.go:93.16,95.3 1 0
github.com\33cn\chain33\p2p\common.go:100.104,105.2 2 1
github.com\33cn\chain33\p2p\common.go:107.69,111.52 3 1
github.com\33cn\chain33\p2p\common.go:114.2,115.16 2 1
github.com\33cn\chain33\p2p\common.go:120.2,121.18 2 1
github.com\33cn\chain33\p2p\common.go:111.52,113.3 1 0
github.com\33cn\chain33\p2p\common.go:115.16,118.3 2 1
github.com\33cn\chain33\p2p\common.go:125.55,127.16 2 1
github.com\33cn\chain33\p2p\common.go:132.2,133.16 2 1
github.com\33cn\chain33\p2p\common.go:137.2,137.47 1 1
github.com\33cn\chain33\p2p\common.go:127.16,130.3 2 0
github.com\33cn\chain33\p2p\common.go:133.16,136.3 2 0
github.com\33cn\chain33\p2p\common.go:141.50,144.16 2 1
github.com\33cn\chain33\p2p\common.go:149.2,150.16 2 1
github.com\33cn\chain33\p2p\common.go:154.2,155.16 2 1
github.com\33cn\chain33\p2p\common.go:160.2,160.55 1 1
github.com\33cn\chain33\p2p\common.go:144.16,147.3 2 0
github.com\33cn\chain33\p2p\common.go:150.16,153.3 2 0
github.com\33cn\chain33\p2p\common.go:155.16,158.3 2 0
github.com\33cn\chain33\p2p\common.go:164.71,170.16 6 1
github.com\33cn\chain33\p2p\common.go:174.2,174.18 1 1
github.com\33cn\chain33\p2p\common.go:170.16,173.3 2 0
github.com\33cn\chain33\p2p\common.go:179.80,183.16 3 1
github.com\33cn\chain33\p2p\common.go:187.2,188.16 2 1
github.com\33cn\chain33\p2p\common.go:192.2,193.16 2 1
github.com\33cn\chain33\p2p\common.go:197.2,202.16 5 1
github.com\33cn\chain33\p2p\common.go:183.16,186.3 2 0
github.com\33cn\chain33\p2p\common.go:188.16,191.3 2 0
github.com\33cn\chain33\p2p\common.go:193.16,196.3 2 0
github.com\33cn\chain33\p2p\common.go:206.49,209.17 2 1
github.com\33cn\chain33\p2p\common.go:214.2,215.16 2 1
github.com\33cn\chain33\p2p\common.go:219.2,220.16 2 1
github.com\33cn\chain33\p2p\common.go:224.2,225.16 2 1
github.com\33cn\chain33\p2p\common.go:230.2,232.38 3 1
github.com\33cn\chain33\p2p\common.go:236.2,236.14 1 0
github.com\33cn\chain33\p2p\common.go:209.17,212.3 2 0
github.com\33cn\chain33\p2p\common.go:215.16,218.3 2 0
github.com\33cn\chain33\p2p\common.go:220.16,223.3 2 0
github.com\33cn\chain33\p2p\common.go:225.16,228.3 2 0
github.com\33cn\chain33\p2p\common.go:232.38,235.3 2 1
github.com\33cn\chain33\p2p\common.go:240.54,241.16 1 1
github.com\33cn\chain33\p2p\common.go:249.2,249.24 1 1
github.com\33cn\chain33\p2p\common.go:241.16,242.30 1 1
github.com\33cn\chain33\p2p\common.go:245.3,245.24 1 1
github.com\33cn\chain33\p2p\common.go:242.30,244.4 1 0
github.com\33cn\chain33\p2p\common.go:246.3,248.3 1 1
github.com\33cn\chain33\p2p\common.go:252.42,254.9 2 1
github.com\33cn\chain33\p2p\common.go:260.2,260.21 1 1
github.com\33cn\chain33\p2p\common.go:255.46,255.46 0 1
github.com\33cn\chain33\p2p\common.go:256.19,258.9 2 0
github.com\33cn\chain33\p2p\common.go:260.21,262.3 1 0
github.com\33cn\chain33\p2p\common.go:266.44,270.16 4 1
github.com\33cn\chain33\p2p\common.go:274.2,274.12 1 0
github.com\33cn\chain33\p2p\common.go:270.16,273.3 2 1
github.com\33cn\chain33\p2p\common.go:278.44,282.16 4 1
github.com\33cn\chain33\p2p\common.go:285.2,285.28 1 1
github.com\33cn\chain33\p2p\common.go:282.16,284.3 1 0
github.com\33cn\chain33\p2p\common.go:289.47,309.2 3 1
github.com\33cn\chain33\p2p\connection.go:28.40,30.2 1 0
github.com\33cn\chain33\p2p\connection.go:33.88,38.2 1 0
github.com\33cn\chain33\p2p\connection.go:41.89,51.2 5 1
github.com\33cn\chain33\p2p\connection.go:54.62,60.2 2 0
github.com\33cn\chain33\p2p\connection.go:63.31,65.16 2 1
github.com\33cn\chain33\p2p\connection.go:68.2,68.43 1 1
github.com\33cn\chain33\p2p\connection.go:65.16,67.3 1 1
github.com\33cn\chain33\p2p\monitor.go:17.40,24.2 3 1
github.com\33cn\chain33\p2p\monitor.go:26.33,27.6 1 1
github.com\33cn\chain33\p2p\monitor.go:27.6,29.18 2 1
github.com\33cn\chain33\p2p\monitor.go:33.3,33.32 1 1
github.com\33cn\chain33\p2p\monitor.go:41.3,41.24 1 1
github.com\33cn\chain33\p2p\monitor.go:44.3,44.25 1 1
github.com\33cn\chain33\p2p\monitor.go:49.3,50.9 2 1
github.com\33cn\chain33\p2p\monitor.go:29.18,32.4 2 1
github.com\33cn\chain33\p2p\monitor.go:33.32,39.12 4 0
github.com\33cn\chain33\p2p\monitor.go:41.24,43.4 1 0
github.com\33cn\chain33\p2p\monitor.go:44.25,46.12 2 1
github.com\33cn\chain33\p2p\monitor.go:50.9,51.40 1 1
github.com\33cn\chain33\p2p\monitor.go:51.40,54.5 2 0
github.com\33cn\chain33\p2p\monitor.go:59.36,60.31 1 0
github.com\33cn\chain33\p2p\monitor.go:64.2,65.16 2 0
github.com\33cn\chain33\p2p\monitor.go:70.2,72.16 3 0
github.com\33cn\chain33\p2p\monitor.go:77.2,81.31 5 0
github.com\33cn\chain33\p2p\monitor.go:60.31,62.3 1 0
github.com\33cn\chain33\p2p\monitor.go:65.16,68.3 2 0
github.com\33cn\chain33\p2p\monitor.go:72.16,75.3 2 0
github.com\33cn\chain33\p2p\monitor.go:81.31,83.24 2 0
github.com\33cn\chain33\p2p\monitor.go:83.24,85.53 2 0
github.com\33cn\chain33\p2p\monitor.go:88.4,88.34 1 0
github.com\33cn\chain33\p2p\monitor.go:85.53,87.5 1 0
github.com\33cn\chain33\p2p\monitor.go:95.36,101.6 5 1
github.com\33cn\chain33\p2p\monitor.go:101.6,108.32 4 1
github.com\33cn\chain33\p2p\monitor.go:112.3,113.18 2 1
github.com\33cn\chain33\p2p\monitor.go:118.3,118.37 1 1
github.com\33cn\chain33\p2p\monitor.go:146.3,147.30 2 1
github.com\33cn\chain33\p2p\monitor.go:108.32,110.4 1 0
github.com\33cn\chain33\p2p\monitor.go:113.18,116.4 2 1
github.com\33cn\chain33\p2p\monitor.go:118.37,121.31 2 1
github.com\33cn\chain33\p2p\monitor.go:130.4,130.35 1 1
github.com\33cn\chain33\p2p\monitor.go:143.4,143.12 1 1
github.com\33cn\chain33\p2p\monitor.go:121.31,124.36 2 0
github.com\33cn\chain33\p2p\monitor.go:124.36,126.6 1 0
github.com\33cn\chain33\p2p\monitor.go:130.35,132.52 1 1
github.com\33cn\chain33\p2p\monitor.go:132.52,134.37 2 0
github.com\33cn\chain33\p2p\monitor.go:138.6,138.18 1 0
github.com\33cn\chain33\p2p\monitor.go:134.37,137.7 2 0
github.com\33cn\chain33\p2p\monitor.go:147.30,157.18 6 1
github.com\33cn\chain33\p2p\monitor.go:162.4,162.34 1 0
github.com\33cn\chain33\p2p\monitor.go:166.4,166.34 1 0
github.com\33cn\chain33\p2p\monitor.go:157.18,159.13 2 1
github.com\33cn\chain33\p2p\monitor.go:162.34,164.5 1 0
github.com\33cn\chain33\p2p\monitor.go:166.34,168.22 1 0
github.com\33cn\chain33\p2p\monitor.go:203.5,203.71 1 0
github.com\33cn\chain33\p2p\monitor.go:168.22,172.20 2 0
github.com\33cn\chain33\p2p\monitor.go:176.6,176.49 1 0
github.com\33cn\chain33\p2p\monitor.go:199.6,200.14 2 0
github.com\33cn\chain33\p2p\monitor.go:172.20,173.15 1 0
github.com\33cn\chain33\p2p\monitor.go:176.49,178.45 1 0
github.com\33cn\chain33\p2p\monitor.go:178.45,179.39 1 0
github.com\33cn\chain33\p2p\monitor.go:185.8,185.55 1 0
github.com\33cn\chain33\p2p\monitor.go:179.39,180.17 1 0
github.com\33cn\chain33\p2p\monitor.go:185.55,186.30 1 0
github.com\33cn\chain33\p2p\monitor.go:195.9,195.20 1 0
github.com\33cn\chain33\p2p\monitor.go:186.30,188.54 1 0
github.com\33cn\chain33\p2p\monitor.go:191.10,193.22 3 0
github.com\33cn\chain33\p2p\monitor.go:188.54,190.11 1 0
github.com\33cn\chain33\p2p\monitor.go:203.71,204.24 1 0
github.com\33cn\chain33\p2p\monitor.go:204.24,206.48 1 0
github.com\33cn\chain33\p2p\monitor.go:206.48,210.8 1 0
github.com\33cn\chain33\p2p\monitor.go:211.7,213.7 1 0
github.com\33cn\chain33\p2p\monitor.go:223.38,228.6 4 1
github.com\33cn\chain33\p2p\monitor.go:228.6,231.18 3 1
github.com\33cn\chain33\p2p\monitor.go:236.3,236.40 1 1
github.com\33cn\chain33\p2p\monitor.go:241.3,245.35 3 1
github.com\33cn\chain33\p2p\monitor.go:256.3,256.62 1 1
github.com\33cn\chain33\p2p\monitor.go:231.18,234.4 2 1
github.com\33cn\chain33\p2p\monitor.go:236.40,239.4 2 0
github.com\33cn\chain33\p2p\monitor.go:245.35,246.73 1 1
github.com\33cn\chain33\p2p\monitor.go:246.73,249.61 2 1
github.com\33cn\chain33\p2p\monitor.go:249.61,252.6 1 1
github.com\33cn\chain33\p2p\monitor.go:261.32,266.6 4 1
github.com\33cn\chain33\p2p\monitor.go:266.6,267.18 1 1
github.com\33cn\chain33\p2p\monitor.go:272.3,274.31 3 1
github.com\33cn\chain33\p2p\monitor.go:277.3,281.30 4 0
github.com\33cn\chain33\p2p\monitor.go:287.3,287.28 1 0
github.com\33cn\chain33\p2p\monitor.go:292.3,297.35 6 0
github.com\33cn\chain33\p2p\monitor.go:317.3,317.63 1 0
github.com\33cn\chain33\p2p\monitor.go:322.3,322.37 1 0
github.com\33cn\chain33\p2p\monitor.go:327.3,327.37 1 0
github.com\33cn\chain33\p2p\monitor.go:336.3,337.40 2 0
github.com\33cn\chain33\p2p\monitor.go:341.3,341.33 1 0
github.com\33cn\chain33\p2p\monitor.go:267.18,270.4 2 0
github.com\33cn\chain33\p2p\monitor.go:274.31,275.12 1 0
github.com\33cn\chain33\p2p\monitor.go:281.30,282.39 1 0
github.com\33cn\chain33\p2p\monitor.go:282.39,285.5 2 0
github.com\33cn\chain33\p2p\monitor.go:287.28,288.12 1 0
github.com\33cn\chain33\p2p\monitor.go:297.35,299.18 2 0
github.com\33cn\chain33\p2p\monitor.go:305.4,305.42 1 0
github.com\33cn\chain33\p2p\monitor.go:311.4,311.42 1 0
github.com\33cn\chain33\p2p\monitor.go:299.18,302.13 3 0
github.com\33cn\chain33\p2p\monitor.go:305.42,308.5 2 0
github.com\33cn\chain33\p2p\monitor.go:311.42,314.5 2 0
github.com\33cn\chain33\p2p\monitor.go:317.63,318.12 1 0
github.com\33cn\chain33\p2p\monitor.go:322.37,325.4 2 0
github.com\33cn\chain33\p2p\monitor.go:327.37,329.36 2 0
github.com\33cn\chain33\p2p\monitor.go:334.4,334.12 1 0
github.com\33cn\chain33\p2p\monitor.go:329.36,332.5 2 0
github.com\33cn\chain33\p2p\monitor.go:337.40,338.12 1 0
github.com\33cn\chain33\p2p\monitor.go:341.33,343.18 2 0
github.com\33cn\chain33\p2p\monitor.go:348.4,349.18 2 0
github.com\33cn\chain33\p2p\monitor.go:352.4,353.47 2 0
github.com\33cn\chain33\p2p\monitor.go:343.18,346.13 3 0
github.com\33cn\chain33\p2p\monitor.go:349.18,350.13 1 0
github.com\33cn\chain33\p2p\monitor.go:353.47,360.5 5 0
github.com\33cn\chain33\p2p\monitor.go:365.31,372.6 5 1
github.com\33cn\chain33\p2p\monitor.go:372.6,373.18 1 1
github.com\33cn\chain33\p2p\monitor.go:377.3,379.17 3 1
github.com\33cn\chain33\p2p\monitor.go:383.3,384.35 2 1
github.com\33cn\chain33\p2p\monitor.go:373.18,376.4 2 0
github.com\33cn\chain33\p2p\monitor.go:379.17,380.12 1 0
github.com\33cn\chain33\p2p\monitor.go:384.35,386.55 2 1
github.com\33cn\chain33\p2p\monitor.go:393.4,393.42 1 1
github.com\33cn\chain33\p2p\monitor.go:386.55,391.5 3 0
github.com\33cn\chain33\p2p\monitor.go:393.42,395.69 1 0
github.com\33cn\chain33\p2p\monitor.go:405.5,405.35 1 0
github.com\33cn\chain33\p2p\monitor.go:409.5,409.44 1 0
github.com\33cn\chain33\p2p\monitor.go:413.5,414.42 2 0
github.com\33cn\chain33\p2p\monitor.go:395.69,397.32 1 0
github.com\33cn\chain33\p2p\monitor.go:397.32,398.58 1 0
github.com\33cn\chain33\p2p\monitor.go:398.58,400.8 1 0
github.com\33cn\chain33\p2p\monitor.go:405.35,406.14 1 0
github.com\33cn\chain33\p2p\monitor.go:409.44,410.14 1 0
github.com\33cn\chain33\p2p\monitor.go:423.34,425.12 1 1
github.com\33cn\chain33\p2p\monitor.go:425.12,429.7 4 1
github.com\33cn\chain33\p2p\monitor.go:429.7,430.19 1 1
github.com\33cn\chain33\p2p\monitor.go:434.4,435.31 2 1
github.com\33cn\chain33\p2p\monitor.go:430.19,432.5 1 0
github.com\33cn\chain33\p2p\monitor.go:441.35,445.29 4 1
github.com\33cn\chain33\p2p\monitor.go:445.29,447.18 1 1
github.com\33cn\chain33\p2p\monitor.go:451.3,451.42 1 1
github.com\33cn\chain33\p2p\monitor.go:456.3,457.17 2 1
github.com\33cn\chain33\p2p\monitor.go:461.3,461.48 1 1
github.com\33cn\chain33\p2p\monitor.go:466.3,466.113 1 1
github.com\33cn\chain33\p2p\monitor.go:472.3,472.61 1 1
github.com\33cn\chain33\p2p\monitor.go:478.3,480.36 2 1
github.com\33cn\chain33\p2p\monitor.go:486.3,490.32 4 1
github.com\33cn\chain33\p2p\monitor.go:447.18,450.4 2 0
github.com\33cn\chain33\p2p\monitor.go:451.42,453.12 1 0
github.com\33cn\chain33\p2p\monitor.go:457.17,458.12 1 0
github.com\33cn\chain33\p2p\monitor.go:461.48,462.12 1 0
github.com\33cn\chain33\p2p\monitor.go:466.113,468.12 2 0
github.com\33cn\chain33\p2p\monitor.go:472.61,475.12 3 0
github.com\33cn\chain33\p2p\monitor.go:480.36,484.12 4 0
github.com\33cn\chain33\p2p\monitor.go:490.32,493.18 3 1
github.com\33cn\chain33\p2p\monitor.go:512.4,513.18 2 1
github.com\33cn\chain33\p2p\monitor.go:518.4,518.59 1 1
github.com\33cn\chain33\p2p\monitor.go:523.4,523.51 1 1
github.com\33cn\chain33\p2p\monitor.go:532.4,533.48 2 1
github.com\33cn\chain33\p2p\monitor.go:493.18,497.32 3 1
github.com\33cn\chain33\p2p\monitor.go:503.5,503.20 1 1
github.com\33cn\chain33\p2p\monitor.go:506.5,506.56 1 1
github.com\33cn\chain33\p2p\monitor.go:509.5,509.11 1 1
github.com\33cn\chain33\p2p\monitor.go:497.32,501.6 3 0
github.com\33cn\chain33\p2p\monitor.go:503.20,505.6 1 0
github.com\33cn\chain33\p2p\monitor.go:506.56,508.6 1 1
github.com\33cn\chain33\p2p\monitor.go:513.18,516.5 2 0
github.com\33cn\chain33\p2p\monitor.go:518.59,521.5 2 0
github.com\33cn\chain33\p2p\monitor.go:523.51,524.45 1 0
github.com\33cn\chain33\p2p\monitor.go:529.5,529.11 1 0
github.com\33cn\chain33\p2p\monitor.go:524.45,526.6 1 0
github.com\33cn\chain33\p2p\monitor.go:526.6,528.6 1 0
github.com\33cn\chain33\p2p\monitor.go:541.35,544.6 3 1
github.com\33cn\chain33\p2p\monitor.go:544.6,545.18 1 1
github.com\33cn\chain33\p2p\monitor.go:550.3,553.41 4 1
github.com\33cn\chain33\p2p\monitor.go:545.18,548.4 2 0
github.com\33cn\chain33\p2p\monitor.go:553.41,554.55 1 1
github.com\33cn\chain33\p2p\monitor.go:558.4,558.19 1 1
github.com\33cn\chain33\p2p\monitor.go:561.4,561.20 1 1
github.com\33cn\chain33\p2p\monitor.go:554.55,555.13 1 1
github.com\33cn\chain33\p2p\monitor.go:558.19,559.13 1 0
github.com\33cn\chain33\p2p\monitor.go:561.20,563.5 1 1
github.com\33cn\chain33\p2p\monitor.go:568.32,570.2 1 1
github.com\33cn\chain33\p2p\monitor.go:574.34,579.6 3 1
github.com\33cn\chain33\p2p\monitor.go:579.6,580.18 1 1
github.com\33cn\chain33\p2p\monitor.go:585.3,586.48 2 1
github.com\33cn\chain33\p2p\monitor.go:580.18,583.4 2 0
github.com\33cn\chain33\p2p\monitor.go:586.48,588.26 1 0
github.com\33cn\chain33\p2p\monitor.go:611.4,611.15 1 0
github.com\33cn\chain33\p2p\monitor.go:588.26,590.21 1 0
github.com\33cn\chain33\p2p\monitor.go:590.21,592.6 1 0
github.com\33cn\chain33\p2p\monitor.go:592.6,598.33 4 0
github.com\33cn\chain33\p2p\monitor.go:605.6,606.42 2 0
github.com\33cn\chain33\p2p\monitor.go:598.33,599.42 1 0
github.com\33cn\chain33\p2p\monitor.go:599.42,602.8 2 0
github.com\33cn\chain33\p2p\netaddress.go:30.47,32.9 2 1
github.com\33cn\chain33\p2p\netaddress.go:35.2,37.38 3 1
github.com\33cn\chain33\p2p\netaddress.go:32.9,34.3 1 0
github.com\33cn\chain33\p2p\netaddress.go:43.60,46.16 2 1
github.com\33cn\chain33\p2p\netaddress.go:50.2,51.15 2 1
github.com\33cn\chain33\p2p\netaddress.go:61.2,62.16 2 1
github.com\33cn\chain33\p2p\netaddress.go:66.2,67.16 2 1
github.com\33cn\chain33\p2p\netaddress.go:46.16,48.3 1 0
github.com\33cn\chain33\p2p\netaddress.go:51.15,52.20 1 1
github.com\33cn\chain33\p2p\netaddress.go:52.20,54.18 2 1
github.com\33cn\chain33\p2p\netaddress.go:57.4,57.15 1 1
github.com\33cn\chain33\p2p\netaddress.go:54.18,56.5 1 1
github.com\33cn\chain33\p2p\netaddress.go:62.16,64.3 1 0
github.com\33cn\chain33\p2p\netaddress.go:72.66,74.29 2 1
github.com\33cn\chain33\p2p\netaddress.go:81.2,81.22 1 1
github.com\33cn\chain33\p2p\netaddress.go:74.29,76.17 2 1
github.com\33cn\chain33\p2p\netaddress.go:79.3,79.24 1 1
github.com\33cn\chain33\p2p\netaddress.go:76.17,78.4 1 0
github.com\33cn\chain33\p2p\netaddress.go:86.62,96.2 2 1
github.com\33cn\chain33\p2p\netaddress.go:99.54,100.38 1 1
github.com\33cn\chain33\p2p\netaddress.go:104.2,104.14 1 0
github.com\33cn\chain33\p2p\netaddress.go:100.38,102.3 1 1
github.com\33cn\chain33\p2p\netaddress.go:108.52,109.38 1 1
github.com\33cn\chain33\p2p\netaddress.go:113.2,114.14 2 0
github.com\33cn\chain33\p2p\netaddress.go:109.38,111.3 1 1
github.com\33cn\chain33\p2p\netaddress.go:118.39,119.18 1 1
github.com\33cn\chain33\p2p\netaddress.go:125.2,125.15 1 1
github.com\33cn\chain33\p2p\netaddress.go:119.18,124.3 1 1
github.com\33cn\chain33\p2p\netaddress.go:129.42,132.2 2 1
github.com\33cn\chain33\p2p\netaddress.go:135.40,137.76 2 1
github.com\33cn\chain33\p2p\netaddress.go:140.2,140.13 1 1
github.com\33cn\chain33\p2p\netaddress.go:137.76,139.3 1 0
github.com\33cn\chain33\p2p\netaddress.go:144.76,157.16 11 1
github.com\33cn\chain33\p2p\netaddress.go:164.2,166.43 3 1
github.com\33cn\chain33\p2p\netaddress.go:180.2,180.16 1 1
github.com\33cn\chain33\p2p\netaddress.go:191.2,191.18 1 1
github.com\33cn\chain33\p2p\netaddress.go:157.16,160.3 2 0
github.com\33cn\chain33\p2p\netaddress.go:166.43,170.17 3 0
github.com\33cn\chain33\p2p\netaddress.go:173.3,176.111 4 0
github.com\33cn\chain33\p2p\netaddress.go:170.17,172.4 1 0
github.com\33cn\chain33\p2p\netaddress.go:180.16,182.18 2 1
github.com\33cn\chain33\p2p\netaddress.go:188.3,188.18 1 1
github.com\33cn\chain33\p2p\netaddress.go:182.18,184.19 2 1
github.com\33cn\chain33\p2p\netaddress.go:184.19,186.5 1 0
github.com\33cn\chain33\p2p\nodeinfo.go:35.44,48.2 12 1
github.com\33cn\chain33\p2p\nodeinfo.go:57.36,61.2 3 1
github.com\33cn\chain33\p2p\nodeinfo.go:64.54,68.25 3 1
github.com\33cn\chain33\p2p\nodeinfo.go:72.2,72.26 1 1
github.com\33cn\chain33\p2p\nodeinfo.go:68.25,70.3 1 1
github.com\33cn\chain33\p2p\nodeinfo.go:72.26,74.3 1 1
github.com\33cn\chain33\p2p\nodeinfo.go:78.59,82.28 4 1
github.com\33cn\chain33\p2p\nodeinfo.go:85.2,85.15 1 1
github.com\33cn\chain33\p2p\nodeinfo.go:82.28,84.3 1 1
github.com\33cn\chain33\p2p\nodeinfo.go:89.51,94.2 4 1
github.com\33cn\chain33\p2p\nodeinfo.go:97.57,100.31 3 1
github.com\33cn\chain33\p2p\nodeinfo.go:103.2,103.12 1 1
github.com\33cn\chain33\p2p\nodeinfo.go:100.31,102.3 1 0
github.com\33cn\chain33\p2p\nodeinfo.go:113.44,116.37 3 1
github.com\33cn\chain33\p2p\nodeinfo.go:119.2,119.29 1 1
github.com\33cn\chain33\p2p\nodeinfo.go:116.37,118.3 1 1
github.com\33cn\chain33\p2p\nodeinfo.go:122.54,124.2 1 1
github.com\33cn\chain33\p2p\nodeinfo.go:125.68,129.29 4 1
github.com\33cn\chain33\p2p\nodeinfo.go:153.2,153.17 1 1
github.com\33cn\chain33\p2p\nodeinfo.go:129.29,131.59 1 1
github.com\33cn\chain33\p2p\nodeinfo.go:134.3,135.17 2 1
github.com\33cn\chain33\p2p\nodeinfo.go:144.3,151.69 8 1
github.com\33cn\chain33\p2p\nodeinfo.go:131.59,132.12 1 0
github.com\33cn\chain33\p2p\nodeinfo.go:135.17,136.31 1 0
github.com\33cn\chain33\p2p\nodeinfo.go:142.4,142.12 1 0
github.com\33cn\chain33\p2p\nodeinfo.go:136.31,141.5 3 0
github.com\33cn\chain33\p2p\nodeinfo.go:157.38,161.2 3 1
github.com\33cn\chain33\p2p\nodeinfo.go:164.37,168.2 3 1
github.com\33cn\chain33\p2p\nodeinfo.go:171.55,175.2 3 1
github.com\33cn\chain33\p2p\nodeinfo.go:178.51,182.2 3 1
github.com\33cn\chain33\p2p\nodeinfo.go:185.53,189.2 3 1
github.com\33cn\chain33\p2p\nodeinfo.go:192.49,196.2 3 1
github.com\33cn\chain33\p2p\nodeinfo.go:199.34,201.2 1 1
github.com\33cn\chain33\p2p\nodeinfo.go:204.38,206.2 1 1
github.com\33cn\chain33\p2p\nodeinfo.go:209.41,211.25 1 1
github.com\33cn\chain33\p2p\nodeinfo.go:215.2,215.47 1 1
github.com\33cn\chain33\p2p\nodeinfo.go:218.2,218.14 1 0
github.com\33cn\chain33\p2p\nodeinfo.go:211.25,213.3 1 0
github.com\33cn\chain33\p2p\nodeinfo.go:215.47,217.3 1 1
github.com\33cn\chain33\p2p\nodeinfo.go:222.44,224.2 1 1
github.com\33cn\chain33\p2p\nodeinfo.go:227.39,229.2 1 1
github.com\33cn\chain33\p2p\nodeinfo.go:232.41,234.8 2 1
github.com\33cn\chain33\p2p\nodeinfo.go:237.2,237.43 1 1
github.com\33cn\chain33\p2p\nodeinfo.go:234.8,236.3 1 1
github.com\33cn\chain33\p2p\nodeinfo.go:242.36,244.2 1 1
github.com\33cn\chain33\p2p\nodeinfo.go:247.55,252.2 3 1
github.com\33cn\chain33\p2p\nodeinfo.go:255.42,259.2 3 1
github.com\33cn\chain33\p2p\nodeinfo.go:262.44,266.36 3 1
github.com\33cn\chain33\p2p\nodeinfo.go:269.2,269.14 1 1
github.com\33cn\chain33\p2p\nodeinfo.go:266.36,268.3 1 1
github.com\33cn\chain33\p2p\nodeinfo.go:273.53,279.32 4 1
github.com\33cn\chain33\p2p\nodeinfo.go:282.2,282.17 1 1
github.com\33cn\chain33\p2p\nodeinfo.go:279.32,281.3 1 1
github.com\33cn\chain33\p2p\p2pcli.go:53.45,54.20 1 1
github.com\33cn\chain33\p2p\p2pcli.go:57.2,61.13 2 1
github.com\33cn\chain33\p2p\p2pcli.go:54.20,56.3 1 0
github.com\33cn\chain33\p2p\p2pcli.go:65.40,67.2 1 1
github.com\33cn\chain33\p2p\p2pcli.go:70.64,71.15 1 1
github.com\33cn\chain33\p2p\p2pcli.go:76.2,77.107 2 1
github.com\33cn\chain33\p2p\p2pcli.go:71.15,75.3 3 1
github.com\33cn\chain33\p2p\p2pcli.go:81.63,82.15 1 1
github.com\33cn\chain33\p2p\p2pcli.go:86.2,90.29 4 1
github.com\33cn\chain33\p2p\p2pcli.go:150.2,150.99 1 1
github.com\33cn\chain33\p2p\p2pcli.go:82.15,85.3 2 1
github.com\33cn\chain33\p2p\p2pcli.go:90.29,95.17 3 0
github.com\33cn\chain33\p2p\p2pcli.go:103.3,107.17 4 0
github.com\33cn\chain33\p2p\p2pcli.go:110.3,113.26 4 0
github.com\33cn\chain33\p2p\p2pcli.go:118.3,118.28 1 0
github.com\33cn\chain33\p2p\p2pcli.go:124.3,127.21 3 0
github.com\33cn\chain33\p2p\p2pcli.go:131.3,132.40 2 0
github.com\33cn\chain33\p2p\p2pcli.go:141.3,141.42 1 0
github.com\33cn\chain33\p2p\p2pcli.go:144.3,145.17 2 0
github.com\33cn\chain33\p2p\p2pcli.go:148.3,148.8 1 0
github.com\33cn\chain33\p2p\p2pcli.go:95.17,96.28 1 0
github.com\33cn\chain33\p2p\p2pcli.go:100.4,100.12 1 0
github.com\33cn\chain33\p2p\p2pcli.go:96.28,99.5 2 0
github.com\33cn\chain33\p2p\p2pcli.go:107.17,108.12 1 0
github.com\33cn\chain33\p2p\p2pcli.go:113.26,115.4 1 0
github.com\33cn\chain33\p2p\p2pcli.go:118.28,119.57 1 0
github.com\33cn\chain33\p2p\p2pcli.go:119.57,121.5 1 0
github.com\33cn\chain33\p2p\p2pcli.go:127.21,128.12 1 0
github.com\33cn\chain33\p2p\p2pcli.go:132.40,135.18 3 0
github.com\33cn\chain33\p2p\p2pcli.go:138.4,138.12 1 0
github.com\33cn\chain33\p2p\p2pcli.go:135.18,137.5 1 0
github.com\33cn\chain33\p2p\p2pcli.go:141.42,143.4 1 0
github.com\33cn\chain33\p2p\p2pcli.go:145.17,147.4 1 0
github.com\33cn\chain33\p2p\p2pcli.go:154.53,159.16 3 1
github.com\33cn\chain33\p2p\p2pcli.go:163.2,164.27 2 1
github.com\33cn\chain33\p2p\p2pcli.go:159.16,161.3 1 0
github.com\33cn\chain33\p2p\p2pcli.go:168.54,170.16 2 1
github.com\33cn\chain33\p2p\p2pcli.go:174.2,178.16 3 1
github.com\33cn\chain33\p2p\p2pcli.go:182.2,182.34 1 1
github.com\33cn\chain33\p2p\p2pcli.go:170.16,172.3 1 0
github.com\33cn\chain33\p2p\p2pcli.go:178.16,180.3 1 1
github.com\33cn\chain33\p2p\p2pcli.go:186.65,189.17 2 1
github.com\33cn\chain33\p2p\p2pcli.go:192.2,196.16 3 1
github.com\33cn\chain33\p2p\p2pcli.go:200.2,203.16 4 1
github.com\33cn\chain33\p2p\p2pcli.go:207.2,208.16 2 1
github.com\33cn\chain33\p2p\p2pcli.go:212.2,215.37 3 1
github.com\33cn\chain33\p2p\p2pcli.go:221.2,221.22 1 1
github.com\33cn\chain33\p2p\p2pcli.go:189.17,191.3 1 0
github.com\33cn\chain33\p2p\p2pcli.go:196.16,198.3 1 1
github.com\33cn\chain33\p2p\p2pcli.go:203.16,206.3 2 0
github.com\33cn\chain33\p2p\p2pcli.go:208.16,210.3 1 0
github.com\33cn\chain33\p2p\p2pcli.go:215.37,216.63 1 0
github.com\33cn\chain33\p2p\p2pcli.go:216.63,219.4 1 0
github.com\33cn\chain33\p2p\p2pcli.go:225.75,229.16 4 1
github.com\33cn\chain33\p2p\p2pcli.go:233.2,234.16 2 1
github.com\33cn\chain33\p2p\p2pcli.go:239.2,245.16 5 1
github.com\33cn\chain33\p2p\p2pcli.go:249.2,255.16 4 1
github.com\33cn\chain33\p2p\p2pcli.go:264.2,269.16 5 1
github.com\33cn\chain33\p2p\p2pcli.go:280.2,280.72 1 1
github.com\33cn\chain33\p2p\p2pcli.go:283.2,283.33 1 1
github.com\33cn\chain33\p2p\p2pcli.go:229.16,232.3 2 0
github.com\33cn\chain33\p2p\p2pcli.go:234.16,237.3 2 0
github.com\33cn\chain33\p2p\p2pcli.go:245.16,248.3 2 0
github.com\33cn\chain33\p2p\p2pcli.go:255.16,257.27 2 0
github.com\33cn\chain33\p2p\p2pcli.go:261.3,261.17 1 0
github.com\33cn\chain33\p2p\p2pcli.go:257.27,260.4 2 0
github.com\33cn\chain33\p2p\p2pcli.go:269.16,270.51 1 1
github.com\33cn\chain33\p2p\p2pcli.go:270.51,273.27 2 1
github.com\33cn\chain33\p2p\p2pcli.go:273.27,276.5 1 1
github.com\33cn\chain33\p2p\p2pcli.go:280.72,282.3 1 1
github.com\33cn\chain33\p2p\p2pcli.go:287.62,292.16 5 1
github.com\33cn\chain33\p2p\p2pcli.go:297.2,299.16 3 1
github.com\33cn\chain33\p2p\p2pcli.go:303.2,304.12 2 1
github.com\33cn\chain33\p2p\p2pcli.go:292.16,295.3 2 0
github.com\33cn\chain33\p2p\p2pcli.go:299.16,301.3 1 1
github.com\33cn\chain33\p2p\p2pcli.go:308.65,312.16 4 1
github.com\33cn\chain33\p2p\p2pcli.go:316.2,317.16 2 1
github.com\33cn\chain33\p2p\p2pcli.go:321.2,322.32 2 1
github.com\33cn\chain33\p2p\p2pcli.go:312.16,315.3 2 0
github.com\33cn\chain33\p2p\p2pcli.go:317.16,319.3 1 0
github.com\33cn\chain33\p2p\p2pcli.go:326.64,327.15 1 1
github.com\33cn\chain33\p2p\p2pcli.go:331.2,332.16 2 1
github.com\33cn\chain33\p2p\p2pcli.go:338.2,347.100 10 1
github.com\33cn\chain33\p2p\p2pcli.go:327.15,329.3 1 1
github.com\33cn\chain33\p2p\p2pcli.go:332.16,336.3 3 0
github.com\33cn\chain33\p2p\p2pcli.go:351.63,352.15 1 1
github.com\33cn\chain33\p2p\p2pcli.go:356.2,356.32 1 1
github.com\33cn\chain33\p2p\p2pcli.go:361.2,363.19 3 0
github.com\33cn\chain33\p2p\p2pcli.go:368.2,370.33 3 0
github.com\33cn\chain33\p2p\p2pcli.go:352.15,355.3 2 1
github.com\33cn\chain33\p2p\p2pcli.go:356.32,360.3 3 1
github.com\33cn\chain33\p2p\p2pcli.go:363.19,366.3 2 0
github.com\33cn\chain33\p2p\p2pcli.go:370.33,371.31 1 0
github.com\33cn\chain33\p2p\p2pcli.go:371.31,373.25 2 0
github.com\33cn\chain33\p2p\p2pcli.go:373.25,379.19 4 0
github.com\33cn\chain33\p2p\p2pcli.go:388.5,391.19 4 0
github.com\33cn\chain33\p2p\p2pcli.go:379.19,381.30 2 0
github.com\33cn\chain33\p2p\p2pcli.go:385.6,385.12 1 0
github.com\33cn\chain33\p2p\p2pcli.go:381.30,384.7 2 0
github.com\33cn\chain33\p2p\p2pcli.go:391.19,393.6 1 0
github.com\33cn\chain33\p2p\p2pcli.go:400.62,401.15 1 1
github.com\33cn\chain33\p2p\p2pcli.go:406.2,406.32 1 1
github.com\33cn\chain33\p2p\p2pcli.go:412.2,417.50 6 0
github.com\33cn\chain33\p2p\p2pcli.go:424.2,428.36 4 0
github.com\33cn\chain33\p2p\p2pcli.go:460.2,460.29 1 0
github.com\33cn\chain33\p2p\p2pcli.go:466.2,473.47 6 0
github.com\33cn\chain33\p2p\p2pcli.go:496.2,497.6 2 0
github.com\33cn\chain33\p2p\p2pcli.go:401.15,405.3 2 1
github.com\33cn\chain33\p2p\p2pcli.go:406.32,410.3 3 1
github.com\33cn\chain33\p2p\p2pcli.go:417.50,422.3 4 0
github.com\33cn\chain33\p2p\p2pcli.go:428.36,431.28 3 0
github.com\33cn\chain33\p2p\p2pcli.go:434.3,434.34 1 0
github.com\33cn\chain33\p2p\p2pcli.go:431.28,433.4 1 0
github.com\33cn\chain33\p2p\p2pcli.go:434.34,435.43 1 0
github.com\33cn\chain33\p2p\p2pcli.go:435.43,438.26 2 0
github.com\33cn\chain33\p2p\p2pcli.go:438.26,441.6 1 0
github.com\33cn\chain33\p2p\p2pcli.go:445.3,447.30 2 0
github.com\33cn\chain33\p2p\p2pcli.go:447.30,449.11 2 0
github.com\33cn\chain33\p2p\p2pcli.go:452.4,452.57 1 0
github.com\33cn\chain33\p2p\p2pcli.go:456.4,456.47 1 0
github.com\33cn\chain33\p2p\p2pcli.go:449.11,450.13 1 0
github.com\33cn\chain33\p2p\p2pcli.go:452.57,453.13 1 0
github.com\33cn\chain33\p2p\p2pcli.go:460.29,464.3 3 0
github.com\33cn\chain33\p2p\p2pcli.go:473.47,474.7 1 0
github.com\33cn\chain33\p2p\p2pcli.go:474.7,475.37 1 0
github.com\33cn\chain33\p2p\p2pcli.go:479.4,480.22 2 0
github.com\33cn\chain33\p2p\p2pcli.go:484.4,484.33 1 0
github.com\33cn\chain33\p2p\p2pcli.go:489.4,489.22 1 0
github.com\33cn\chain33\p2p\p2pcli.go:475.37,477.5 1 0
github.com\33cn\chain33\p2p\p2pcli.go:480.22,482.5 1 0
github.com\33cn\chain33\p2p\p2pcli.go:484.33,486.13 2 0
github.com\33cn\chain33\p2p\p2pcli.go:489.22,491.5 1 0
github.com\33cn\chain33\p2p\p2pcli.go:497.6,498.21 1 0
github.com\33cn\chain33\p2p\p2pcli.go:501.3,502.10 2 0
github.com\33cn\chain33\p2p\p2pcli.go:519.3,519.22 1 0
github.com\33cn\chain33\p2p\p2pcli.go:498.21,500.4 1 0
github.com\33cn\chain33\p2p\p2pcli.go:503.20,507.10 4 0
github.com\33cn\chain33\p2p\p2pcli.go:508.28,511.18 3 0
github.com\33cn\chain33\p2p\p2pcli.go:514.4,515.35 2 0
github.com\33cn\chain33\p2p\p2pcli.go:511.18,513.5 1 0
github.com\33cn\chain33\p2p\p2pcli.go:515.35,517.5 1 0
github.com\33cn\chain33\p2p\p2pcli.go:519.22,521.4 1 0
github.com\33cn\chain33\p2p\p2pcli.go:527.67,528.15 1 1
github.com\33cn\chain33\p2p\p2pcli.go:532.2,532.88 1 1
github.com\33cn\chain33\p2p\p2pcli.go:528.15,531.3 2 1
github.com\33cn\chain33\p2p\p2pcli.go:536.63,537.15 1 1
github.com\33cn\chain33\p2p\p2pcli.go:542.2,548.79 7 1
github.com\33cn\chain33\p2p\p2pcli.go:537.15,540.3 2 1
github.com\33cn\chain33\p2p\p2pcli.go:553.48,557.2 1 1
github.com\33cn\chain33\p2p\p2pcli.go:560.63,562.16 2 1
github.com\33cn\chain33\p2p\p2pcli.go:566.2,567.16 2 1
github.com\33cn\chain33\p2p\p2pcli.go:570.2,574.16 4 1
github.com\33cn\chain33\p2p\p2pcli.go:577.2,578.35 2 1
github.com\33cn\chain33\p2p\p2pcli.go:562.16,565.3 2 1
github.com\33cn\chain33\p2p\p2pcli.go:567.16,569.3 1 0
github.com\33cn\chain33\p2p\p2pcli.go:574.16,576.3 1 0
github.com\33cn\chain33\p2p\p2pcli.go:581.38,584.33 3 1
github.com\33cn\chain33\p2p\p2pcli.go:591.2,591.14 1 1
github.com\33cn\chain33\p2p\p2pcli.go:584.33,586.153 1 0
github.com\33cn\chain33\p2p\p2pcli.go:589.3,589.30 1 0
github.com\33cn\chain33\p2p\p2pcli.go:586.153,587.12 1 0
github.com\33cn\chain33\p2p\p2pcli.go:594.59,598.16 4 1
github.com\33cn\chain33\p2p\p2pcli.go:603.2,604.16 2 1
github.com\33cn\chain33\p2p\p2pcli.go:608.2,618.16 8 1
github.com\33cn\chain33\p2p\p2pcli.go:622.2,623.16 2 1
github.com\33cn\chain33\p2p\p2pcli.go:626.2,632.57 6 1
github.com\33cn\chain33\p2p\p2pcli.go:640.2,640.28 1 1
github.com\33cn\chain33\p2p\p2pcli.go:598.16,601.3 2 0
github.com\33cn\chain33\p2p\p2pcli.go:604.16,606.3 1 0
github.com\33cn\chain33\p2p\p2pcli.go:618.16,621.3 2 0
github.com\33cn\chain33\p2p\p2pcli.go:623.16,625.3 1 0
github.com\33cn\chain33\p2p\p2pcli.go:632.57,635.3 2 0
github.com\33cn\chain33\p2p\p2pcli.go:635.3,638.3 2 1
github.com\33cn\chain33\p2p\peer.go:22.24,25.2 2 1
github.com\33cn\chain33\p2p\peer.go:28.24,34.2 4 1
github.com\33cn\chain33\p2p\peer.go:54.75,64.2 6 1
github.com\33cn\chain33\p2p\peer.go:80.22,84.2 3 1
github.com\33cn\chain33\p2p\peer.go:87.25,91.2 3 1
github.com\33cn\chain33\p2p\peer.go:94.29,98.2 3 1
github.com\33cn\chain33\p2p\peer.go:101.39,105.2 3 1
github.com\33cn\chain33\p2p\peer.go:108.36,112.2 3 1
github.com\33cn\chain33\p2p\peer.go:115.41,119.2 3 1
github.com\33cn\chain33\p2p\peer.go:122.38,126.2 3 1
github.com\33cn\chain33\p2p\peer.go:128.28,131.6 2 1
github.com\33cn\chain33\p2p\peer.go:151.2,153.6 3 1
github.com\33cn\chain33\p2p\peer.go:131.6,132.22 1 1
github.com\33cn\chain33\p2p\peer.go:135.3,137.17 3 1
github.com\33cn\chain33\p2p\peer.go:132.22,134.4 1 0
github.com\33cn\chain33\p2p\peer.go:137.17,143.9 6 1
github.com\33cn\chain33\p2p\peer.go:144.4,148.4 2 0
github.com\33cn\chain33\p2p\peer.go:153.6,154.22 1 1
github.com\33cn\chain33\p2p\peer.go:158.3,163.17 6 1
github.com\33cn\chain33\p2p\peer.go:154.22,156.4 1 1
github.com\33cn\chain33\p2p\peer.go:163.17,165.4 1 1
github.com\33cn\chain33\p2p\peer.go:171.35,173.2 1 1
github.com\33cn\chain33\p2p\peer.go:176.68,178.2 1 1
github.com\33cn\chain33\p2p\peer.go:180.29,182.6 1 1
github.com\33cn\chain33\p2p\peer.go:182.6,183.22 1 1
github.com\33cn\chain33\p2p\peer.go:187.3,190.17 4 1
github.com\33cn\chain33\p2p\peer.go:197.3,198.17 2 1
github.com\33cn\chain33\p2p\peer.go:207.3,209.44 3 1
github.com\33cn\chain33\p2p\peer.go:222.3,226.44 3 1
github.com\33cn\chain33\p2p\peer.go:236.3,240.7 4 1
github.com\33cn\chain33\p2p\peer.go:183.22,186.4 2 0
github.com\33cn\chain33\p2p\peer.go:190.17,194.12 4 0
github.com\33cn\chain33\p2p\peer.go:198.17,200.19 2 0
github.com\33cn\chain33\p2p\peer.go:203.4,205.12 3 0
github.com\33cn\chain33\p2p\peer.go:200.19,202.5 1 0
github.com\33cn\chain33\p2p\peer.go:209.44,212.19 3 0
github.com\33cn\chain33\p2p\peer.go:215.4,218.12 4 0
github.com\33cn\chain33\p2p\peer.go:212.19,214.5 1 0
github.com\33cn\chain33\p2p\peer.go:226.44,229.19 3 0
github.com\33cn\chain33\p2p\peer.go:232.4,234.12 3 0
github.com\33cn\chain33\p2p\peer.go:229.19,231.5 1 0
github.com\33cn\chain33\p2p\peer.go:240.7,242.23 1 1
github.com\33cn\chain33\p2p\peer.go:245.4,245.11 1 1
github.com\33cn\chain33\p2p\peer.go:242.23,244.5 1 0
github.com\33cn\chain33\p2p\peer.go:246.30,247.24 1 1
github.com\33cn\chain33\p2p\peer.go:256.5,257.45 2 1
github.com\33cn\chain33\p2p\peer.go:283.5,285.19 3 1
github.com\33cn\chain33\p2p\peer.go:299.5,299.47 1 1
github.com\33cn\chain33\p2p\peer.go:301.21,302.24 1 1
github.com\33cn\chain33\p2p\peer.go:311.5,311.35 1 1
github.com\33cn\chain33\p2p\peer.go:247.24,249.21 2 1
github.com\33cn\chain33\p2p\peer.go:252.6,254.12 3 1
github.com\33cn\chain33\p2p\peer.go:249.21,251.7 1 0
github.com\33cn\chain33\p2p\peer.go:257.45,264.20 7 1
github.com\33cn\chain33\p2p\peer.go:272.6,273.35 2 0
github.com\33cn\chain33\p2p\peer.go:264.20,265.50 1 1
github.com\33cn\chain33\p2p\peer.go:265.50,267.16 2 1
github.com\33cn\chain33\p2p\peer.go:275.6,275.46 1 1
github.com\33cn\chain33\p2p\peer.go:275.46,281.6 5 1
github.com\33cn\chain33\p2p\peer.go:285.19,287.47 2 0
github.com\33cn\chain33\p2p\peer.go:290.6,292.21 3 0
github.com\33cn\chain33\p2p\peer.go:295.6,297.21 2 0
github.com\33cn\chain33\p2p\peer.go:287.47,289.7 1 0
github.com\33cn\chain33\p2p\peer.go:292.21,294.7 1 0
github.com\33cn\chain33\p2p\peer.go:302.24,305.21 3 0
github.com\33cn\chain33\p2p\peer.go:308.6,309.12 2 0
github.com\33cn\chain33\p2p\peer.go:305.21,307.7 1 0
github.com\33cn\chain33\p2p\peer.go:319.29,323.6 2 1
github.com\33cn\chain33\p2p\peer.go:323.6,324.22 1 1
github.com\33cn\chain33\p2p\peer.go:328.3,329.17 2 1
github.com\33cn\chain33\p2p\peer.go:333.3,335.17 3 1
github.com\33cn\chain33\p2p\peer.go:341.3,343.7 3 1
github.com\33cn\chain33\p2p\peer.go:324.22,327.4 2 1
github.com\33cn\chain33\p2p\peer.go:329.17,331.12 2 0
github.com\33cn\chain33\p2p\peer.go:335.17,338.12 3 1
github.com\33cn\chain33\p2p\peer.go:343.7,344.23 1 1
github.com\33cn\chain33\p2p\peer.go:352.4,354.18 3 1
github.com\33cn\chain33\p2p\peer.go:373.4,373.46 1 1
github.com\33cn\chain33\p2p\peer.go:344.23,346.20 2 0
github.com\33cn\chain33\p2p\peer.go:349.5,349.11 1 0
github.com\33cn\chain33\p2p\peer.go:346.20,348.6 1 0
github.com\33cn\chain33\p2p\peer.go:354.18,357.20 3 1
github.com\33cn\chain33\p2p\peer.go:360.5,360.46 1 1
github.com\33cn\chain33\p2p\peer.go:364.5,364.65 1 1
github.com\33cn\chain33\p2p\peer.go:369.5,370.10 2 1
github.com\33cn\chain33\p2p\peer.go:357.20,359.6 1 0
github.com\33cn\chain33\p2p\peer.go:360.46,362.6 1 0
github.com\33cn\chain33\p2p\peer.go:364.65,368.6 3 0
github.com\33cn\chain33\p2p\peer.go:373.46,374.32 1 1
github.com\33cn\chain33\p2p\peer.go:374.32,379.41 4 1
github.com\33cn\chain33\p2p\peer.go:383.6,388.20 4 0
github.com\33cn\chain33\p2p\peer.go:394.6,399.20 4 0
github.com\33cn\chain33\p2p\peer.go:379.41,381.15 2 1
github.com\33cn\chain33\p2p\peer.go:388.20,389.53 1 0
github.com\33cn\chain33\p2p\peer.go:389.53,390.16 1 0
github.com\33cn\chain33\p2p\peer.go:399.20,401.15 2 0
github.com\33cn\chain33\p2p\peer.go:406.5,406.44 1 1
github.com\33cn\chain33\p2p\peer.go:406.44,408.26 1 1
github.com\33cn\chain33\p2p\peer.go:408.26,413.38 5 1
github.com\33cn\chain33\p2p\peer.go:417.6,421.21 5 0
github.com\33cn\chain33\p2p\peer.go:413.38,415.15 2 1
github.com\33cn\chain33\p2p\peer.go:421.21,423.7 1 0
github.com\33cn\chain33\p2p\peer.go:432.34,433.22 1 1
github.com\33cn\chain33\p2p\peer.go:437.2,437.42 1 1
github.com\33cn\chain33\p2p\peer.go:433.22,435.3 1 1
github.com\33cn\chain33\p2p\peer.go:442.33,445.2 1 1
github.com\33cn\chain33\p2p\peer.go:448.42,450.2 1 1
github.com\33cn\chain33\p2p\peer.go:453.30,455.2 1 1
github.com\33cn\chain33\p2p\peer.go:458.36,460.2 1 1
github.com\33cn\chain33\p2p\peer.go:463.41,466.16 3 1
github.com\33cn\chain33\p2p\peer.go:469.2,469.15 1 1
github.com\33cn\chain33\p2p\peer.go:466.16,468.3 1 0
github.com\33cn\chain33\p2p\peer.go:473.37,477.2 3 1
github.com\33cn\chain33\p2p\addrbook.go:19.34,24.2 4 1
github.com\33cn\chain33\p2p\addrbook.go:27.28,31.2 2 1
github.com\33cn\chain33\p2p\addrbook.go:56.59,59.38 3 1
github.com\33cn\chain33\p2p\addrbook.go:62.2,62.12 1 1
github.com\33cn\chain33\p2p\addrbook.go:59.38,61.3 1 0
github.com\33cn\chain33\p2p\addrbook.go:66.77,69.38 3 1
github.com\33cn\chain33\p2p\addrbook.go:78.2,78.19 1 1
github.com\33cn\chain33\p2p\addrbook.go:69.38,70.10 1 1
github.com\33cn\chain33\p2p\addrbook.go:76.3,76.20 1 1
github.com\33cn\chain33\p2p\addrbook.go:70.10,73.4 1 1
github.com\33cn\chain33\p2p\addrbook.go:73.4,75.4 1 1
github.com\33cn\chain33\p2p\addrbook.go:82.44,91.16 3 1
github.com\33cn\chain33\p2p\addrbook.go:94.2,94.10 1 1
github.com\33cn\chain33\p2p\addrbook.go:91.16,93.3 1 0
github.com\33cn\chain33\p2p\addrbook.go:97.54,104.2 1 1
github.com\33cn\chain33\p2p\addrbook.go:106.36,113.2 6 1
github.com\33cn\chain33\p2p\addrbook.go:116.46,127.2 4 1
github.com\33cn\chain33\p2p\addrbook.go:129.39,137.2 5 1
github.com\33cn\chain33\p2p\addrbook.go:140.44,144.2 3 1
github.com\33cn\chain33\p2p\addrbook.go:147.56,151.44 3 1
github.com\33cn\chain33\p2p\addrbook.go:154.2,154.14 1 1
github.com\33cn\chain33\p2p\addrbook.go:151.44,153.3 1 0
github.com\33cn\chain33\p2p\addrbook.go:158.57,161.35 3 1
github.com\33cn\chain33\p2p\addrbook.go:164.2,164.14 1 1
github.com\33cn\chain33\p2p\addrbook.go:161.35,163.3 1 1
github.com\33cn\chain33\p2p\addrbook.go:168.52,173.2 4 1
github.com\33cn\chain33\p2p\addrbook.go:176.31,180.2 3 1
github.com\33cn\chain33\p2p\addrbook.go:186.31,193.33 6 1
github.com\33cn\chain33\p2p\addrbook.go:197.2,197.32 1 1
github.com\33cn\chain33\p2p\addrbook.go:203.2,203.21 1 1
github.com\33cn\chain33\p2p\addrbook.go:206.2,211.16 3 1
github.com\33cn\chain33\p2p\addrbook.go:215.2,217.16 3 1
github.com\33cn\chain33\p2p\addrbook.go:193.33,195.3 1 0
github.com\33cn\chain33\p2p\addrbook.go:197.32,198.47 1 1
github.com\33cn\chain33\p2p\addrbook.go:198.47,200.4 1 1
github.com\33cn\chain33\p2p\addrbook.go:203.21,205.3 1 0
github.com\33cn\chain33\p2p\addrbook.go:211.16,214.3 2 0
github.com\33cn\chain33\p2p\addrbook.go:217.16,218.13 1 0
github.com\33cn\chain33\p2p\addrbook.go:222.53,224.16 2 1
github.com\33cn\chain33\p2p\addrbook.go:237.2,237.15 1 1
github.com\33cn\chain33\p2p\addrbook.go:224.16,226.33 2 0
github.com\33cn\chain33\p2p\addrbook.go:226.33,228.18 2 0
github.com\33cn\chain33\p2p\addrbook.go:231.4,231.37 1 0
github.com\33cn\chain33\p2p\addrbook.go:228.18,229.10 1 0
github.com\33cn\chain33\p2p\addrbook.go:231.37,232.23 1 0
github.com\33cn\chain33\p2p\addrbook.go:243.34,246.37 3 1
github.com\33cn\chain33\p2p\addrbook.go:258.2,259.20 2 1
github.com\33cn\chain33\p2p\addrbook.go:280.2,280.13 1 1
github.com\33cn\chain33\p2p\addrbook.go:246.37,254.3 0 1
github.com\33cn\chain33\p2p\addrbook.go:254.3,256.3 1 1
github.com\33cn\chain33\p2p\addrbook.go:259.20,260.41 1 1
github.com\33cn\chain33\p2p\addrbook.go:260.41,265.18 4 1
github.com\33cn\chain33\p2p\addrbook.go:269.4,269.35 1 1
github.com\33cn\chain33\p2p\addrbook.go:265.18,267.5 1 0
github.com\33cn\chain33\p2p\addrbook.go:269.35,272.19 3 1
github.com\33cn\chain33\p2p\addrbook.go:275.5,275.30 1 1
github.com\33cn\chain33\p2p\addrbook.go:272.19,273.14 1 0
github.com\33cn\chain33\p2p\addrbook.go:285.27,287.2 1 1
github.com\33cn\chain33\p2p\addrbook.go:289.34,293.6 3 1
github.com\33cn\chain33\p2p\addrbook.go:302.2,302.34 1 1
github.com\33cn\chain33\p2p\addrbook.go:293.6,294.10 1 1
github.com\33cn\chain33\p2p\addrbook.go:295.30,296.12 1 0
github.com\33cn\chain33\p2p\addrbook.go:297.17,298.13 1 1
github.com\33cn\chain33\p2p\addrbook.go:307.67,312.17 4 1
github.com\33cn\chain33\p2p\addrbook.go:316.2,316.44 1 1
github.com\33cn\chain33\p2p\addrbook.go:321.2,321.44 1 1
github.com\33cn\chain33\p2p\addrbook.go:325.2,325.15 1 1
github.com\33cn\chain33\p2p\addrbook.go:329.2,329.35 1 1
github.com\33cn\chain33\p2p\addrbook.go:312.17,314.3 1 0
github.com\33cn\chain33\p2p\addrbook.go:316.44,319.3 1 0
github.com\33cn\chain33\p2p\addrbook.go:321.44,323.3 1 1
github.com\33cn\chain33\p2p\addrbook.go:325.15,327.3 1 1
github.com\33cn\chain33\p2p\addrbook.go:334.48,337.39 3 1
github.com\33cn\chain33\p2p\addrbook.go:337.39,339.3 1 1
github.com\33cn\chain33\p2p\addrbook.go:343.45,347.34 4 1
github.com\33cn\chain33\p2p\addrbook.go:350.2,350.17 1 1
github.com\33cn\chain33\p2p\addrbook.go:347.34,349.3 1 1
github.com\33cn\chain33\p2p\addrbook.go:354.40,358.34 4 1
github.com\33cn\chain33\p2p\addrbook.go:363.2,363.17 1 1
github.com\33cn\chain33\p2p\addrbook.go:358.34,359.30 1 1
github.com\33cn\chain33\p2p\addrbook.go:359.30,361.4 1 0
github.com\33cn\chain33\p2p\addrbook.go:366.30,369.16 2 1
github.com\33cn\chain33\p2p\addrbook.go:383.2,383.61 1 1
github.com\33cn\chain33\p2p\addrbook.go:369.16,371.33 2 0
github.com\33cn\chain33\p2p\addrbook.go:371.33,373.18 2 0
github.com\33cn\chain33\p2p\addrbook.go:376.4,376.37 1 0
github.com\33cn\chain33\p2p\addrbook.go:373.18,374.10 1 0
github.com\33cn\chain33\p2p\addrbook.go:376.37,377.23 1 0
github.com\33cn\chain33\p2p\addrbook.go:386.51,392.2 4 1
github.com\33cn\chain33\p2p\addrbook.go:395.57,401.16 6 1
github.com\33cn\chain33\p2p\addrbook.go:401.16,402.13 1 0
github.com\33cn\chain33\p2p\addrbook.go:407.53,411.2 3 1
github.com\33cn\chain33\p2p\node.go:30.24,31.23 1 1
github.com\33cn\chain33\p2p\node.go:34.2,37.14 4 1
github.com\33cn\chain33\p2p\node.go:31.23,33.3 1 1
github.com\33cn\chain33\p2p\node.go:42.24,44.23 2 1
github.com\33cn\chain33\p2p\node.go:47.2,52.19 6 1
github.com\33cn\chain33\p2p\node.go:55.2,57.44 2 1
github.com\33cn\chain33\p2p\node.go:44.23,46.3 1 1
github.com\33cn\chain33\p2p\node.go:52.19,54.3 1 1
github.com\33cn\chain33\p2p\node.go:61.31,63.2 1 1
github.com\33cn\chain33\p2p\node.go:81.52,83.2 1 1
github.com\33cn\chain33\p2p\node.go:86.45,94.59 3 1
github.com\33cn\chain33\p2p\node.go:99.2,99.25 1 1
github.com\33cn\chain33\p2p\node.go:110.2,110.33 1 1
github.com\33cn\chain33\p2p\node.go:113.2,114.21 2 1
github.com\33cn\chain33\p2p\node.go:117.2,117.18 1 1
github.com\33cn\chain33\p2p\node.go:94.59,97.3 1 1
github.com\33cn\chain33\p2p\node.go:99.25,101.24 2 0
github.com\33cn\chain33\p2p\node.go:105.3,105.30 1 0
github.com\33cn\chain33\p2p\node.go:101.24,103.4 1 0
github.com\33cn\chain33\p2p\node.go:105.30,107.4 1 0
github.com\33cn\chain33\p2p\node.go:110.33,112.3 1 0
github.com\33cn\chain33\p2p\node.go:114.21,116.3 1 1
github.com\33cn\chain33\p2p\node.go:120.56,122.124 1 1
github.com\33cn\chain33\p2p\node.go:127.2,127.129 1 1
github.com\33cn\chain33\p2p\node.go:122.124,125.3 2 1
github.com\33cn\chain33\p2p\node.go:127.129,130.3 2 1
github.com\33cn\chain33\p2p\node.go:134.29,138.2 3 1
github.com\33cn\chain33\p2p\node.go:140.24,142.6 1 1
github.com\33cn\chain33\p2p\node.go:148.2,150.58 3 1
github.com\33cn\chain33\p2p\node.go:159.2,161.83 2 1
github.com\33cn\chain33\p2p\node.go:191.2,193.116 3 0
github.com\33cn\chain33\p2p\node.go:142.6,143.19 1 1
github.com\33cn\chain33\p2p\node.go:146.3,146.26 1 1
github.com\33cn\chain33\p2p\node.go:143.19,144.9 1 1
github.com\33cn\chain33\p2p\node.go:150.58,153.68 3 1
github.com\33cn\chain33\p2p\node.go:157.3,157.9 1 1
github.com\33cn\chain33\p2p\node.go:153.68,156.4 2 1
github.com\33cn\chain33\p2p\node.go:161.83,164.17 2 1
github.com\33cn\chain33\p2p\node.go:164.17,166.4 1 0
github.com\33cn\chain33\p2p\node.go:166.4,168.8 1 0
github.com\33cn\chain33\p2p\node.go:174.4,177.105 2 0
github.com\33cn\chain33\p2p\node.go:168.8,169.21 1 0
github.com\33cn\chain33\p2p\node.go:169.21,170.11 1 0
github.com\33cn\chain33\p2p\node.go:177.105,181.5 2 0
github.com\33cn\chain33\p2p\node.go:181.5,184.5 2 0
github.com\33cn\chain33\p2p\node.go:193.116,195.3 1 0
github.com\33cn\chain33\p2p\node.go:198.34,201.43 3 1
github.com\33cn\chain33\p2p\node.go:208.2,210.12 3 1
github.com\33cn\chain33\p2p\node.go:201.43,207.3 4 0
github.com\33cn\chain33\p2p\node.go:214.39,218.2 3 1
github.com\33cn\chain33\p2p\node.go:221.45,225.2 3 1
github.com\33cn\chain33\p2p\node.go:228.48,234.2 4 1
github.com\33cn\chain33\p2p\node.go:237.38,241.2 3 1
github.com\33cn\chain33\p2p\node.go:244.41,248.28 4 1
github.com\33cn\chain33\p2p\node.go:251.2,251.36 1 0
github.com\33cn\chain33\p2p\node.go:255.2,255.14 1 0
github.com\33cn\chain33\p2p\node.go:248.28,250.3 1 1
github.com\33cn\chain33\p2p\node.go:251.36,254.3 1 0
github.com\33cn\chain33\p2p\node.go:259.27,262.2 1 1
github.com\33cn\chain33\p2p\node.go:265.39,269.36 3 1
github.com\33cn\chain33\p2p\node.go:272.2,272.14 1 1
github.com\33cn\chain33\p2p\node.go:269.36,271.3 1 1
github.com\33cn\chain33\p2p\node.go:276.52,279.39 3 1
github.com\33cn\chain33\p2p\node.go:282.2,282.12 1 1
github.com\33cn\chain33\p2p\node.go:279.39,281.3 1 0
github.com\33cn\chain33\p2p\node.go:286.43,290.26 4 1
github.com\33cn\chain33\p2p\node.go:293.2,293.34 1 1
github.com\33cn\chain33\p2p\node.go:297.2,297.14 1 1
github.com\33cn\chain33\p2p\node.go:290.26,292.3 1 1
github.com\33cn\chain33\p2p\node.go:293.34,296.3 1 1
github.com\33cn\chain33\p2p\node.go:301.76,306.32 4 1
github.com\33cn\chain33\p2p\node.go:312.2,312.21 1 1
github.com\33cn\chain33\p2p\node.go:306.32,307.38 1 1
github.com\33cn\chain33\p2p\node.go:307.38,310.4 1 1
github.com\33cn\chain33\p2p\node.go:314.40,319.8 4 1
github.com\33cn\chain33\p2p\node.go:319.8,322.3 2 1
github.com\33cn\chain33\p2p\node.go:325.28,328.37 3 1
github.com\33cn\chain33\p2p\node.go:328.37,331.3 2 1
github.com\33cn\chain33\p2p\node.go:334.26,345.2 10 1
github.com\33cn\chain33\p2p\node.go:347.32,350.2 2 1
github.com\33cn\chain33\p2p\node.go:352.33,355.6 2 1
github.com\33cn\chain33\p2p\node.go:355.6,360.18 4 1
github.com\33cn\chain33\p2p\node.go:365.3,366.17 2 1
github.com\33cn\chain33\p2p\node.go:374.3,374.27 1 1
github.com\33cn\chain33\p2p\node.go:378.3,381.17 3 1
github.com\33cn\chain33\p2p\node.go:395.3,398.67 4 1
github.com\33cn\chain33\p2p\node.go:406.3,406.98 1 1
github.com\33cn\chain33\p2p\node.go:411.3,411.8 1 1
github.com\33cn\chain33\p2p\node.go:360.18,363.12 3 0
github.com\33cn\chain33\p2p\node.go:366.17,371.4 3 0
github.com\33cn\chain33\p2p\node.go:374.27,376.4 1 1
github.com\33cn\chain33\p2p\node.go:381.17,383.4 1 0
github.com\33cn\chain33\p2p\node.go:383.4,385.29 2 1
github.com\33cn\chain33\p2p\node.go:390.4,390.18 1 1
github.com\33cn\chain33\p2p\node.go:385.29,387.5 1 0
github.com\33cn\chain33\p2p\node.go:387.5,389.5 1 1
github.com\33cn\chain33\p2p\node.go:390.18,392.5 1 1
github.com\33cn\chain33\p2p\node.go:398.67,402.4 2 1
github.com\33cn\chain33\p2p\node.go:402.4,404.4 1 0
github.com\33cn\chain33\p2p\node.go:406.98,409.4 2 1
github.com\33cn\chain33\p2p\node.go:415.29,418.6 2 1
github.com\33cn\chain33\p2p\node.go:424.2,425.85 2 1
github.com\33cn\chain33\p2p\node.go:435.2,437.39 3 1
github.com\33cn\chain33\p2p\node.go:453.2,453.16 1 1
github.com\33cn\chain33\p2p\node.go:461.2,463.16 2 0
github.com\33cn\chain33\p2p\node.go:466.2,470.6 5 0
github.com\33cn\chain33\p2p\node.go:418.6,419.19 1 1
github.com\33cn\chain33\p2p\node.go:422.3,422.26 1 0
github.com\33cn\chain33\p2p\node.go:419.19,420.9 1 1
github.com\33cn\chain33\p2p\node.go:425.85,429.10 4 0
github.com\33cn\chain33\p2p\node.go:429.10,432.4 2 0
github.com\33cn\chain33\p2p\node.go:437.39,440.17 2 1
github.com\33cn\chain33\p2p\node.go:450.3,450.8 1 0
github.com\33cn\chain33\p2p\node.go:440.17,441.29 1 1
github.com\33cn\chain33\p2p\node.go:446.4,447.12 2 1
github.com\33cn\chain33\p2p\node.go:441.29,445.5 2 1
github.com\33cn\chain33\p2p\node.go:453.16,459.3 4 1
github.com\33cn\chain33\p2p\node.go:463.16,464.13 1 0
github.com\33cn\chain33\p2p\node.go:470.6,473.7 3 0
github.com\33cn\chain33\p2p\node.go:481.3,481.35 1 0
github.com\33cn\chain33\p2p\node.go:473.7,474.136 1 0
github.com\33cn\chain33\p2p\node.go:479.4,479.9 1 0
github.com\33cn\chain33\p2p\node.go:474.136,477.13 3 0
github.com\33cn\chain33\p2p\node.go:485.35,487.26 1 1
github.com\33cn\chain33\p2p\node.go:491.2,492.16 2 1
github.com\33cn\chain33\p2p\node.go:487.26,489.3 1 1
github.com\33cn\chain33\p2p\node.go:492.16,494.3 1 1
github.com\33cn\chain33\p2p\node.go:498.28,500.2 1 1
github.com\33cn\chain33\p2p\p2p.go:44.31,45.22 1 1
github.com\33cn\chain33\p2p\p2p.go:56.2,56.21 1 1
github.com\33cn\chain33\p2p\p2p.go:60.2,60.21 1 1
github.com\33cn\chain33\p2p\p2p.go:64.2,66.26 3 1
github.com\33cn\chain33\p2p\p2p.go:69.2,72.16 3 1
github.com\33cn\chain33\p2p\p2p.go:76.2,84.12 9 1
github.com\33cn\chain33\p2p\p2p.go:45.22,46.24 1 0
github.com\33cn\chain33\p2p\p2p.go:46.24,50.4 3 0
github.com\33cn\chain33\p2p\p2p.go:50.4,54.4 3 0
github.com\33cn\chain33\p2p\p2p.go:56.21,58.3 1 1
github.com\33cn\chain33\p2p\p2p.go:60.21,62.3 1 1
github.com\33cn\chain33\p2p\p2p.go:66.26,68.3 1 1
github.com\33cn\chain33\p2p\p2p.go:72.16,75.3 2 0
github.com\33cn\chain33\p2p\p2p.go:88.28,88.30 0 1
github.com\33cn\chain33\p2p\p2p.go:90.36,92.2 1 1
github.com\33cn\chain33\p2p\p2p.go:94.38,96.2 1 1
github.com\33cn\chain33\p2p\p2p.go:99.29,103.27 4 1
github.com\33cn\chain33\p2p\p2p.go:111.2,111.32 1 1
github.com\33cn\chain33\p2p\p2p.go:103.27,104.27 1 1
github.com\33cn\chain33\p2p\p2p.go:104.27,107.4 1 1
github.com\33cn\chain33\p2p\p2p.go:116.54,118.27 2 1
github.com\33cn\chain33\p2p\p2p.go:122.2,123.16 2 1
github.com\33cn\chain33\p2p\p2p.go:126.2,128.20 2 1
github.com\33cn\chain33\p2p\p2p.go:118.27,121.3 1 1
github.com\33cn\chain33\p2p\p2p.go:123.16,124.41 1 0
github.com\33cn\chain33\p2p\p2p.go:128.20,130.22 1 1
github.com\33cn\chain33\p2p\p2p.go:138.3,141.16 4 1
github.com\33cn\chain33\p2p\p2p.go:151.3,152.45 2 1
github.com\33cn\chain33\p2p\p2p.go:130.22,136.4 5 1
github.com\33cn\chain33\p2p\p2p.go:141.16,142.44 1 0
github.com\33cn\chain33\p2p\p2p.go:142.44,144.5 1 0
github.com\33cn\chain33\p2p\p2p.go:146.4,150.4 1 1
github.com\33cn\chain33\p2p\p2p.go:158.52,164.1 4 0
github.com\33cn\chain33\p2p\p2p.go:165.2,167.16 3 0
github.com\33cn\chain33\p2p\p2p.go:171.2,172.16 2 0
github.com\33cn\chain33\p2p\p2p.go:187.2,188.12 2 0
github.com\33cn\chain33\p2p\p2p.go:167.16,170.3 2 0
github.com\33cn\chain33\p2p\p2p.go:172.16,173.35 1 0
github.com\33cn\chain33\p2p\p2p.go:177.3,177.35 1 0
github.com\33cn\chain33\p2p\p2p.go:183.3,184.13 2 0
github.com\33cn\chain33\p2p\p2p.go:173.35,176.4 1 0
github.com\33cn\chain33\p2p\p2p.go:177.35,181.14 3 0
github.com\33cn\chain33\p2p\p2p.go:192.39,196.6 4 1
github.com\33cn\chain33\p2p\p2p.go:196.6,197.24 1 1
github.com\33cn\chain33\p2p\p2p.go:201.3,202.80 2 1
github.com\33cn\chain33\p2p\p2p.go:197.24,200.4 2 1
github.com\33cn\chain33\p2p\p2p.go:206.53,208.6 2 1
github.com\33cn\chain33\p2p\p2p.go:247.2,252.16 6 1
github.com\33cn\chain33\p2p\p2p.go:256.2,257.48 2 0
github.com\33cn\chain33\p2p\p2p.go:264.2,264.28 1 0
github.com\33cn\chain33\p2p\p2p.go:268.2,269.16 2 0
github.com\33cn\chain33\p2p\p2p.go:274.2,276.26 2 0
github.com\33cn\chain33\p2p\p2p.go:280.2,280.19 1 0
github.com\33cn\chain33\p2p\p2p.go:294.2,296.12 2 0
github.com\33cn\chain33\p2p\p2p.go:208.6,209.24 1 1
github.com\33cn\chain33\p2p\p2p.go:213.3,215.17 3 1
github.com\33cn\chain33\p2p\p2p.go:221.3,222.17 2 1
github.com\33cn\chain33\p2p\p2p.go:226.3,226.61 1 1
github.com\33cn\chain33\p2p\p2p.go:235.3,235.59 1 1
github.com\33cn\chain33\p2p\p2p.go:244.3,244.8 1 1
github.com\33cn\chain33\p2p\p2p.go:209.24,212.4 2 1
github.com\33cn\chain33\p2p\p2p.go:215.17,218.12 3 0
github.com\33cn\chain33\p2p\p2p.go:222.17,224.12 2 1
github.com\33cn\chain33\p2p\p2p.go:226.61,227.21 1 0
github.com\33cn\chain33\p2p\p2p.go:231.4,232.12 2 0
github.com\33cn\chain33\p2p\p2p.go:227.21,230.5 1 0
github.com\33cn\chain33\p2p\p2p.go:235.59,236.21 1 0
github.com\33cn\chain33\p2p\p2p.go:240.4,241.12 2 0
github.com\33cn\chain33\p2p\p2p.go:236.21,239.5 1 0
github.com\33cn\chain33\p2p\p2p.go:252.16,255.3 2 1
github.com\33cn\chain33\p2p\p2p.go:257.48,259.13 2 0
github.com\33cn\chain33\p2p\p2p.go:261.3,263.3 1 0
github.com\33cn\chain33\p2p\p2p.go:264.28,266.3 1 0
github.com\33cn\chain33\p2p\p2p.go:269.16,271.13 2 0
github.com\33cn\chain33\p2p\p2p.go:276.26,278.3 1 0
github.com\33cn\chain33\p2p\p2p.go:280.19,283.17 2 0
github.com\33cn\chain33\p2p\p2p.go:287.3,291.13 4 0
github.com\33cn\chain33\p2p\p2p.go:283.17,285.14 2 0
github.com\33cn\chain33\p2p\p2p.go:300.31,304.16 4 1
github.com\33cn\chain33\p2p\p2p.go:308.2,309.40 2 1
github.com\33cn\chain33\p2p\p2p.go:304.16,305.21 1 0
github.com\33cn\chain33\p2p\p2p.go:313.33,314.27 1 1
github.com\33cn\chain33\p2p\p2p.go:318.2,319.12 2 1
github.com\33cn\chain33\p2p\p2p.go:314.27,316.3 1 0
github.com\33cn\chain33\p2p\p2p.go:319.12,323.42 3 1
github.com\33cn\chain33\p2p\p2p.go:372.3,372.41 1 1
github.com\33cn\chain33\p2p\p2p.go:323.42,325.27 1 1
github.com\33cn\chain33\p2p\p2p.go:333.4,333.25 1 1
github.com\33cn\chain33\p2p\p2p.go:339.4,341.40 3 1
github.com\33cn\chain33\p2p\p2p.go:349.4,349.18 1 1
github.com\33cn\chain33\p2p\p2p.go:325.27,331.5 3 0
github.com\33cn\chain33\p2p\p2p.go:333.25,338.5 4 0
github.com\33cn\chain33\p2p\p2p.go:341.40,344.5 2 1
github.com\33cn\chain33\p2p\p2p.go:344.5,345.38 1 1
github.com\33cn\chain33\p2p\p2p.go:345.38,347.6 1 1
github.com\33cn\chain33\p2p\p2p.go:351.32,352.50 1 1
github.com\33cn\chain33\p2p\p2p.go:353.35,354.53 1 1
github.com\33cn\chain33\p2p\p2p.go:355.32,356.48 1 1
github.com\33cn\chain33\p2p\p2p.go:357.31,358.49 1 1
github.com\33cn\chain33\p2p\p2p.go:359.29,360.50 1 1
github.com\33cn\chain33\p2p\p2p.go:361.38,362.49 1 1
github.com\33cn\chain33\p2p\p2p.go:363.31,364.49 1 1
github.com\33cn\chain33\p2p\p2p.go:365.12,369.13 4 0
github.com\33cn\chain33\p2p\p2pserver.go:42.29,44.2 1 1
github.com\33cn\chain33\p2p\p2pserver.go:47.29,49.2 1 1
github.com\33cn\chain33\p2p\p2pserver.go:52.36,54.2 1 1
github.com\33cn\chain33\p2p\p2pserver.go:57.32,64.2 1 1
github.com\33cn\chain33\p2p\p2pserver.go:67.84,70.28 2 1
github.com\33cn\chain33\p2p\p2pserver.go:74.2,77.8 4 1
github.com\33cn\chain33\p2p\p2pserver.go:84.2,86.16 3 1
github.com\33cn\chain33\p2p\p2pserver.go:92.2,93.47 2 1
github.com\33cn\chain33\p2p\p2pserver.go:70.28,73.3 2 0
github.com\33cn\chain33\p2p\p2pserver.go:77.8,79.17 2 1
github.com\33cn\chain33\p2p\p2pserver.go:79.17,81.4 1 0
github.com\33cn\chain33\p2p\p2pserver.go:86.16,87.47 1 1
github.com\33cn\chain33\p2p\p2pserver.go:87.47,89.4 1 1
github.com\33cn\chain33\p2p\p2pserver.go:98.90,104.29 5 1
github.com\33cn\chain33\p2p\p2pserver.go:107.2,107.62 1 1
github.com\33cn\chain33\p2p\p2pserver.go:104.29,106.3 1 1
github.com\33cn\chain33\p2p\p2pserver.go:111.98,115.29 3 1
github.com\33cn\chain33\p2p\p2pserver.go:121.2,121.67 1 1
github.com\33cn\chain33\p2p\p2pserver.go:115.29,119.3 1 0
github.com\33cn\chain33\p2p\p2pserver.go:125.92,127.2 1 0
github.com\33cn\chain33\p2p\p2pserver.go:130.94,136.8 5 1
github.com\33cn\chain33\p2p\p2pserver.go:143.2,143.38 1 1
github.com\33cn\chain33\p2p\p2pserver.go:147.2,152.16 5 1
github.com\33cn\chain33\p2p\p2pserver.go:155.2,156.16 2 1
github.com\33cn\chain33\p2p\p2pserver.go:162.2,163.92 1 1
github.com\33cn\chain33\p2p\p2pserver.go:136.8,138.17 2 1
github.com\33cn\chain33\p2p\p2pserver.go:138.17,140.4 1 0
github.com\33cn\chain33\p2p\p2pserver.go:143.38,145.3 1 0
github.com\33cn\chain33\p2p\p2pserver.go:152.16,154.3 1 0
github.com\33cn\chain33\p2p\p2pserver.go:156.16,157.61 1 1
github.com\33cn\chain33\p2p\p2pserver.go:157.61,159.4 1 1
github.com\33cn\chain33\p2p\p2pserver.go:168.89,170.28 1 0
github.com\33cn\chain33\p2p\p2pserver.go:174.2,175.53 2 0
github.com\33cn\chain33\p2p\p2pserver.go:170.28,173.3 2 0
github.com\33cn\chain33\p2p\p2pserver.go:180.87,186.16 5 0
github.com\33cn\chain33\p2p\p2pserver.go:189.2,189.54 1 0
github.com\33cn\chain33\p2p\p2pserver.go:186.16,188.3 1 0
github.com\33cn\chain33\p2p\p2pserver.go:193.93,196.38 2 0
github.com\33cn\chain33\p2p\p2pserver.go:200.2,204.16 4 0
github.com\33cn\chain33\p2p\p2pserver.go:208.2,209.16 2 0
github.com\33cn\chain33\p2p\p2pserver.go:212.2,214.37 3 0
github.com\33cn\chain33\p2p\p2pserver.go:220.2,220.36 1 0
github.com\33cn\chain33\p2p\p2pserver.go:196.38,198.3 1 0
github.com\33cn\chain33\p2p\p2pserver.go:204.16,207.3 2 0
github.com\33cn\chain33\p2p\p2pserver.go:209.16,211.3 1 0
github.com\33cn\chain33\p2p\p2pserver.go:214.37,219.3 4 0
github.com\33cn\chain33\p2p\p2pserver.go:224.95,226.38 2 0
github.com\33cn\chain33\p2p\p2pserver.go:230.2,231.16 2 0
github.com\33cn\chain33\p2p\p2pserver.go:235.2,236.27 2 0
github.com\33cn\chain33\p2p\p2pserver.go:240.2,240.39 1 0
github.com\33cn\chain33\p2p\p2pserver.go:226.38,228.3 1 0
github.com\33cn\chain33\p2p\p2pserver.go:231.16,233.3 1 0
github.com\33cn\chain33\p2p\p2pserver.go:236.27,238.3 1 0
github.com\33cn\chain33\p2p\p2pserver.go:244.91,248.38 4 1
github.com\33cn\chain33\p2p\p2pserver.go:252.2,254.27 3 1
github.com\33cn\chain33\p2p\p2pserver.go:299.2,300.37 2 1
github.com\33cn\chain33\p2p\p2pserver.go:310.2,312.12 2 1
github.com\33cn\chain33\p2p\p2pserver.go:248.38,250.3 1 0
github.com\33cn\chain33\p2p\p2pserver.go:254.27,257.27 3 1
github.com\33cn\chain33\p2p\p2pserver.go:257.27,259.18 1 0
github.com\33cn\chain33\p2p\p2pserver.go:266.4,268.35 3 0
github.com\33cn\chain33\p2p\p2pserver.go:259.18,262.19 3 0
github.com\33cn\chain33\p2p\p2pserver.go:262.19,263.14 1 0
github.com\33cn\chain33\p2p\p2pserver.go:268.35,272.5 3 0
github.com\33cn\chain33\p2p\p2pserver.go:274.4,274.37 1 1
github.com\33cn\chain33\p2p\p2pserver.go:274.37,279.18 5 1
github.com\33cn\chain33\p2p\p2pserver.go:283.4,284.18 2 1
github.com\33cn\chain33\p2p\p2pserver.go:289.4,290.38 2 1
github.com\33cn\chain33\p2p\p2pserver.go:279.18,282.5 2 0
github.com\33cn\chain33\p2p\p2pserver.go:284.18,286.13 2 0
github.com\33cn\chain33\p2p\p2pserver.go:290.38,294.5 3 0
github.com\33cn\chain33\p2p\p2pserver.go:300.37,305.17 5 0
github.com\33cn\chain33\p2p\p2pserver.go:305.17,308.4 2 0
github.com\33cn\chain33\p2p\p2pserver.go:317.99,319.38 2 1
github.com\33cn\chain33\p2p\p2pserver.go:323.2,323.93 1 1
github.com\33cn\chain33\p2p\p2pserver.go:327.2,330.16 4 1
github.com\33cn\chain33\p2p\p2pserver.go:334.2,335.16 2 1
github.com\33cn\chain33\p2p\p2pserver.go:339.2,341.57 2 1
github.com\33cn\chain33\p2p\p2pserver.go:319.38,321.3 1 1
github.com\33cn\chain33\p2p\p2pserver.go:323.93,325.3 1 0
github.com\33cn\chain33\p2p\p2pserver.go:330.16,333.3 2 0
github.com\33cn\chain33\p2p\p2pserver.go:335.16,337.3 1 0
github.com\33cn\chain33\p2p\p2pserver.go:345.102,347.38 2 1
github.com\33cn\chain33\p2p\p2pserver.go:351.2,355.16 5 1
github.com\33cn\chain33\p2p\p2pserver.go:359.2,361.16 3 1
github.com\33cn\chain33\p2p\p2pserver.go:365.2,374.16 7 1
github.com\33cn\chain33\p2p\p2pserver.go:378.2,379.16 2 1
github.com\33cn\chain33\p2p\p2pserver.go:382.2,390.23 8 1
github.com\33cn\chain33\p2p\p2pserver.go:347.38,349.3 1 0
github.com\33cn\chain33\p2p\p2pserver.go:355.16,358.3 2 0
github.com\33cn\chain33\p2p\p2pserver.go:361.16,363.3 1 0
github.com\33cn\chain33\p2p\p2pserver.go:374.16,377.3 2 0
github.com\33cn\chain33\p2p\p2pserver.go:379.16,381.3 1 0
github.com\33cn\chain33\p2p\p2pserver.go:394.93,400.16 5 0
github.com\33cn\chain33\p2p\p2pserver.go:404.2,404.54 1 0
github.com\33cn\chain33\p2p\p2pserver.go:400.16,403.3 2 0
github.com\33cn\chain33\p2p\p2pserver.go:408.106,409.69 1 1
github.com\33cn\chain33\p2p\p2pserver.go:413.2,417.15 4 1
github.com\33cn\chain33\p2p\p2pserver.go:418.2,419.30 2 1
github.com\33cn\chain33\p2p\p2pserver.go:466.2,466.12 1 0
github.com\33cn\chain33\p2p\p2pserver.go:409.69,411.3 1 0
github.com\33cn\chain33\p2p\p2pserver.go:417.15,417.42 1 0
github.com\33cn\chain33\p2p\p2pserver.go:419.30,420.18 1 1
github.com\33cn\chain33\p2p\p2pserver.go:424.3,425.23 2 1
github.com\33cn\chain33\p2p\p2pserver.go:437.3,438.43 2 1
github.com\33cn\chain33\p2p\p2pserver.go:452.3,452.66 1 1
github.com\33cn\chain33\p2p\p2pserver.go:458.3,459.17 2 1
github.com\33cn\chain33\p2p\p2pserver.go:420.18,422.4 1 0
github.com\33cn\chain33\p2p\p2pserver.go:425.23,426.45 1 1
github.com\33cn\chain33\p2p\p2pserver.go:426.45,428.34 2 0
github.com\33cn\chain33\p2p\p2pserver.go:431.5,431.25 1 0
github.com\33cn\chain33\p2p\p2pserver.go:428.34,430.6 1 0
github.com\33cn\chain33\p2p\p2pserver.go:433.4,435.4 1 0
github.com\33cn\chain33\p2p\p2pserver.go:438.43,439.31 1 1
github.com\33cn\chain33\p2p\p2pserver.go:443.4,443.57 1 1
github.com\33cn\chain33\p2p\p2pserver.go:439.31,441.5 1 1
github.com\33cn\chain33\p2p\p2pserver.go:444.4,444.44 1 1
github.com\33cn\chain33\p2p\p2pserver.go:444.44,447.4 2 1
github.com\33cn\chain33\p2p\p2pserver.go:447.4,449.12 2 0
github.com\33cn\chain33\p2p\p2pserver.go:452.66,453.33 1 1
github.com\33cn\chain33\p2p\p2pserver.go:453.33,454.13 1 0
github.com\33cn\chain33\p2p\p2pserver.go:459.17,463.4 1 0
github.com\33cn\chain33\p2p\p2pserver.go:470.90,471.69 1 1
github.com\33cn\chain33\p2p\p2pserver.go:474.2,478.8 5 1
github.com\33cn\chain33\p2p\p2pserver.go:488.2,495.6 6 1
github.com\33cn\chain33\p2p\p2pserver.go:471.69,473.3 1 0
github.com\33cn\chain33\p2p\p2pserver.go:478.8,480.17 2 1
github.com\33cn\chain33\p2p\p2pserver.go:480.17,482.4 1 0
github.com\33cn\chain33\p2p\p2pserver.go:483.3,486.3 1 0
github.com\33cn\chain33\p2p\p2pserver.go:495.6,496.18 1 1
github.com\33cn\chain33\p2p\p2pserver.go:499.3,500.17 2 1
github.com\33cn\chain33\p2p\p2pserver.go:505.3,505.43 1 1
github.com\33cn\chain33\p2p\p2pserver.go:496.18,498.4 1 0
github.com\33cn\chain33\p2p\p2pserver.go:500.17,503.4 2 1
github.com\33cn\chain33\p2p\p2pserver.go:505.43,507.24 2 0
github.com\33cn\chain33\p2p\p2pserver.go:517.4,521.39 4 0
github.com\33cn\chain33\p2p\p2pserver.go:526.4,531.31 4 0
github.com\33cn\chain33\p2p\p2pserver.go:507.24,509.46 2 0
github.com\33cn\chain33\p2p\p2pserver.go:509.46,511.6 1 0
github.com\33cn\chain33\p2p\p2pserver.go:512.5,515.5 2 0
github.com\33cn\chain33\p2p\p2pserver.go:521.39,523.13 2 0
github.com\33cn\chain33\p2p\p2pserver.go:531.31,534.19 3 0
github.com\33cn\chain33\p2p\p2pserver.go:534.19,536.6 1 0
github.com\33cn\chain33\p2p\p2pserver.go:539.4,539.41 1 1
github.com\33cn\chain33\p2p\p2pserver.go:539.41,541.24 2 1
github.com\33cn\chain33\p2p\p2pserver.go:549.4,553.36 5 1
github.com\33cn\chain33\p2p\p2pserver.go:557.4,559.25 3 0
github.com\33cn\chain33\p2p\p2pserver.go:541.24,542.46 1 1
github.com\33cn\chain33\p2p\p2pserver.go:542.46,544.6 1 0
github.com\33cn\chain33\p2p\p2pserver.go:545.5,547.5 1 0
github.com\33cn\chain33\p2p\p2pserver.go:553.36,555.13 2 1
github.com\33cn\chain33\p2p\p2pserver.go:559.25,562.19 3 0
github.com\33cn\chain33\p2p\p2pserver.go:562.19,564.6 1 0
github.com\33cn\chain33\p2p\p2pserver.go:568.4,568.47 1 1
github.com\33cn\chain33\p2p\p2pserver.go:568.47,570.32 1 1
github.com\33cn\chain33\p2p\p2pserver.go:575.4,575.25 1 1
github.com\33cn\chain33\p2p\p2pserver.go:581.4,583.105 3 1
github.com\33cn\chain33\p2p\p2pserver.go:570.32,573.5 2 0
github.com\33cn\chain33\p2p\p2pserver.go:575.25,577.125 1 1
github.com\33cn\chain33\p2p\p2pserver.go:577.125,579.6 1 0
github.com\33cn\chain33\p2p\p2pserver.go:584.4,584.48 1 1
github.com\33cn\chain33\p2p\p2pserver.go:584.48,590.24 5 1
github.com\33cn\chain33\p2p\p2pserver.go:590.24,591.36 1 1
github.com\33cn\chain33\p2p\p2pserver.go:594.5,596.47 3 1
github.com\33cn\chain33\p2p\p2pserver.go:591.36,593.6 1 0
github.com\33cn\chain33\p2p\p2pserver.go:597.5,600.5 1 0
github.com\33cn\chain33\p2p\p2pserver.go:607.95,609.28 2 1
github.com\33cn\chain33\p2p\p2pserver.go:613.2,615.33 3 1
github.com\33cn\chain33\p2p\p2pserver.go:627.2,627.43 1 1
github.com\33cn\chain33\p2p\p2pserver.go:609.28,612.3 2 0
github.com\33cn\chain33\p2p\p2pserver.go:615.33,617.17 2 1
github.com\33cn\chain33\p2p\p2pserver.go:620.3,621.17 2 1
github.com\33cn\chain33\p2p\p2pserver.go:625.3,625.88 1 1
github.com\33cn\chain33\p2p\p2pserver.go:617.17,618.12 1 0
github.com\33cn\chain33\p2p\p2pserver.go:621.17,622.12 1 0
github.com\33cn\chain33\p2p\p2pserver.go:631.98,633.28 2 0
github.com\33cn\chain33\p2p\p2pserver.go:637.2,639.33 3 0
github.com\33cn\chain33\p2p\p2pserver.go:653.2,653.45 1 0
github.com\33cn\chain33\p2p\p2pserver.go:633.28,636.3 2 0
github.com\33cn\chain33\p2p\p2pserver.go:639.33,641.17 2 0
github.com\33cn\chain33\p2p\p2pserver.go:644.3,645.17 2 0
github.com\33cn\chain33\p2p\p2pserver.go:649.3,650.68 1 0
github.com\33cn\chain33\p2p\p2pserver.go:641.17,642.12 1 0
github.com\33cn\chain33\p2p\p2pserver.go:645.17,646.12 1 0
github.com\33cn\chain33\p2p\p2pserver.go:656.54,658.82 1 1
github.com\33cn\chain33\p2p\p2pserver.go:663.2,663.13 1 1
github.com\33cn\chain33\p2p\p2pserver.go:658.82,661.3 1 1
github.com\33cn\chain33\p2p\p2pserver.go:665.71,671.16 5 0
github.com\33cn\chain33\p2p\p2pserver.go:675.2,676.16 2 0
github.com\33cn\chain33\p2p\p2pserver.go:680.2,683.25 3 0
github.com\33cn\chain33\p2p\p2pserver.go:686.2,686.19 1 0
github.com\33cn\chain33\p2p\p2pserver.go:671.16,674.3 2 0
github.com\33cn\chain33\p2p\p2pserver.go:676.16,678.3 1 0
github.com\33cn\chain33\p2p\p2pserver.go:683.25,685.3 1 0
github.com\33cn\chain33\p2p\p2pserver.go:689.36,691.12 2 1
github.com\33cn\chain33\p2p\p2pserver.go:702.2,702.12 1 1
github.com\33cn\chain33\p2p\p2pserver.go:691.12,694.7 3 1
github.com\33cn\chain33\p2p\p2pserver.go:694.7,695.19 1 1
github.com\33cn\chain33\p2p\p2pserver.go:698.4,699.35 2 1
github.com\33cn\chain33\p2p\p2pserver.go:695.19,697.5 1 1
github.com\33cn\chain33\p2p\p2pserver.go:702.12,704.30 2 1
github.com\33cn\chain33\p2p\p2pserver.go:710.3,710.49 1 1
github.com\33cn\chain33\p2p\p2pserver.go:704.30,705.19 1 1
github.com\33cn\chain33\p2p\p2pserver.go:708.4,708.25 1 1
github.com\33cn\chain33\p2p\p2pserver.go:705.19,707.5 1 0
github.com\33cn\chain33\p2p\p2pserver.go:714.101,720.2 4 1
github.com\33cn\chain33\p2p\p2pserver.go:722.53,727.32 5 1
github.com\33cn\chain33\p2p\p2pserver.go:727.32,728.38 1 1
github.com\33cn\chain33\p2p\p2pserver.go:732.3,732.10 1 1
github.com\33cn\chain33\p2p\p2pserver.go:728.38,730.12 2 0
github.com\33cn\chain33\p2p\p2pserver.go:733.34,733.34 0 1
github.com\33cn\chain33\p2p\p2pserver.go:735.21,736.12 1 0
github.com\33cn\chain33\p2p\p2pserver.go:743.43,744.36 1 1
github.com\33cn\chain33\p2p\p2pserver.go:744.36,746.3 1 0
github.com\33cn\chain33\p2p\p2pserver.go:748.80,753.2 4 0
github.com\33cn\chain33\p2p\p2pserver.go:755.73,759.2 3 1
github.com\33cn\chain33\p2p\p2pserver.go:761.60,766.2 3 1
github.com\33cn\chain33\p2p\p2pserver.go:768.68,771.45 3 1
github.com\33cn\chain33\p2p\p2pserver.go:775.2,775.12 1 0
github.com\33cn\chain33\p2p\p2pserver.go:771.45,773.3 1 1
github.com\33cn\chain33\p2p\p2pserver.go:778.52,782.43 4 1
github.com\33cn\chain33\p2p\p2pserver.go:785.2,785.14 1 1
github.com\33cn\chain33\p2p\p2pserver.go:782.43,784.3 1 1
github.com\33cn\chain33\p2p\downloadblocks.go:27.25,29.2 1 1
github.com\33cn\chain33\p2p\downloadblocks.go:32.35,34.2 1 1
github.com\33cn\chain33\p2p\downloadblocks.go:37.30,39.2 1 1
github.com\33cn\chain33\p2p\downloadblocks.go:58.62,66.20 7 1
github.com\33cn\chain33\p2p\downloadblocks.go:70.2,70.12 1 1
github.com\33cn\chain33\p2p\downloadblocks.go:66.20,68.3 1 1
github.com\33cn\chain33\p2p\downloadblocks.go:73.51,76.37 3 1
github.com\33cn\chain33\p2p\downloadblocks.go:79.2,79.14 1 1
github.com\33cn\chain33\p2p\downloadblocks.go:76.37,78.3 1 1
github.com\33cn\chain33\p2p\downloadblocks.go:82.51,85.37 3 1
github.com\33cn\chain33\p2p\downloadblocks.go:89.2,89.10 1 1
github.com\33cn\chain33\p2p\downloadblocks.go:85.37,87.3 1 1
github.com\33cn\chain33\p2p\downloadblocks.go:91.47,94.37 3 1
github.com\33cn\chain33\p2p\downloadblocks.go:100.2,100.31 1 1
github.com\33cn\chain33\p2p\downloadblocks.go:94.37,98.3 3 1
github.com\33cn\chain33\p2p\downloadblocks.go:103.46,106.37 3 1
github.com\33cn\chain33\p2p\downloadblocks.go:106.37,107.30 1 1
github.com\33cn\chain33\p2p\downloadblocks.go:107.30,108.35 1 1
github.com\33cn\chain33\p2p\downloadblocks.go:113.4,114.10 2 1
github.com\33cn\chain33\p2p\downloadblocks.go:108.35,111.5 2 0
github.com\33cn\chain33\p2p\downloadblocks.go:120.57,124.2 3 1
github.com\33cn\chain33\p2p\downloadblocks.go:126.44,130.2 3 1
github.com\33cn\chain33\p2p\downloadblocks.go:131.47,135.37 3 1
github.com\33cn\chain33\p2p\downloadblocks.go:135.37,136.44 1 1
github.com\33cn\chain33\p2p\downloadblocks.go:140.3,140.25 1 1
github.com\33cn\chain33\p2p\downloadblocks.go:136.44,139.4 2 0
github.com\33cn\chain33\p2p\downloadblocks.go:145.60,149.39 4 1
github.com\33cn\chain33\p2p\downloadblocks.go:170.2,170.21 1 1
github.com\33cn\chain33\p2p\downloadblocks.go:174.2,174.17 1 1
github.com\33cn\chain33\p2p\downloadblocks.go:149.39,152.9 2 1
github.com\33cn\chain33\p2p\downloadblocks.go:152.9,153.36 1 1
github.com\33cn\chain33\p2p\downloadblocks.go:157.4,157.53 1 1
github.com\33cn\chain33\p2p\downloadblocks.go:153.36,155.5 1 0
github.com\33cn\chain33\p2p\downloadblocks.go:157.53,158.39 1 1
github.com\33cn\chain33\p2p\downloadblocks.go:161.5,162.28 2 1
github.com\33cn\chain33\p2p\downloadblocks.go:158.39,159.14 1 0
github.com\33cn\chain33\p2p\downloadblocks.go:162.28,165.6 2 1
github.com\33cn\chain33\p2p\downloadblocks.go:170.21,173.3 1 1
github.com\33cn\chain33\p2p\downloadblocks.go:178.35,180.2 1 1
github.com\33cn\chain33\p2p\downloadblocks.go:182.39,184.2 1 1
github.com\33cn\chain33\p2p\downloadblocks.go:188.43,190.18 2 1
github.com\33cn\chain33\p2p\downloadblocks.go:194.2,194.27 1 1
github.com\33cn\chain33\p2p\downloadblocks.go:220.2,220.28 1 1
github.com\33cn\chain33\p2p\downloadblocks.go:190.18,192.3 1 0
github.com\33cn\chain33\p2p\downloadblocks.go:194.27,195.2 1 1
github.com\33cn\chain33\p2p\downloadblocks.go:196.3,197.22 2 1
github.com\33cn\chain33\p2p\downloadblocks.go:203.3,204.42 2 1
github.com\33cn\chain33\p2p\downloadblocks.go:197.22,200.14 3 0
github.com\33cn\chain33\p2p\downloadblocks.go:204.42,207.18 3 1
github.com\33cn\chain33\p2p\downloadblocks.go:207.18,212.5 3 0
github.com\33cn\chain33\p2p\downloadblocks.go:212.5,214.5 1 1
github.com\33cn\chain33\p2p\downloadblocks.go:223.75,225.18 2 1
github.com\33cn\chain33\p2p\downloadblocks.go:229.2,230.28 2 1
github.com\33cn\chain33\p2p\downloadblocks.go:234.2,235.42 2 0
github.com\33cn\chain33\p2p\downloadblocks.go:246.2,248.16 2 0
github.com\33cn\chain33\p2p\downloadblocks.go:225.18,227.3 1 0
github.com\33cn\chain33\p2p\downloadblocks.go:230.28,232.3 1 1
github.com\33cn\chain33\p2p\downloadblocks.go:235.42,236.21 1 0
github.com\33cn\chain33\p2p\downloadblocks.go:239.3,243.11 5 0
github.com\33cn\chain33\p2p\downloadblocks.go:236.21,237.12 1 0
github.com\33cn\chain33\p2p\downloadblocks.go:251.103,253.17 1 1
github.com\33cn\chain33\p2p\downloadblocks.go:257.2,257.24 1 1
github.com\33cn\chain33\p2p\downloadblocks.go:260.2,266.16 7 1
github.com\33cn\chain33\p2p\downloadblocks.go:270.2,270.15 1 1
github.com\33cn\chain33\p2p\downloadblocks.go:273.2,274.6 2 1
github.com\33cn\chain33\p2p\downloadblocks.go:253.17,255.3 1 0
github.com\33cn\chain33\p2p\downloadblocks.go:257.24,259.3 1 0
github.com\33cn\chain33\p2p\downloadblocks.go:266.16,269.3 2 0
github.com\33cn\chain33\p2p\downloadblocks.go:270.15,272.3 1 1
github.com\33cn\chain33\p2p\downloadblocks.go:274.6,276.17 2 1
github.com\33cn\chain33\p2p\downloadblocks.go:286.2,287.39 1 0
github.com\33cn\chain33\p2p\downloadblocks.go:276.17,277.21 1 1
github.com\33cn\chain33\p2p\downloadblocks.go:283.4,284.14 2 0
github.com\33cn\chain33\p2p\downloadblocks.go:277.21,278.24 1 1
github.com\33cn\chain33\p2p\downloadblocks.go:281.5,281.14 1 0
github.com\33cn\chain33\p2p\downloadblocks.go:278.24,280.6 1 1
github.com\33cn\chain33\p2p\downloadblocks.go:287.39,290.4 2 0
github.com\33cn\chain33\p2p\filterrepeatdata.go:20.30,24.16 4 1
github.com\33cn\chain33\p2p\filterrepeatdata.go:27.2,27.15 1 1
github.com\33cn\chain33\p2p\filterrepeatdata.go:24.16,25.13 1 0
github.com\33cn\chain33\p2p\filterrepeatdata.go:38.32,40.2 1 1
github.com\33cn\chain33\p2p\filterrepeatdata.go:43.36,45.2 1 1
github.com\33cn\chain33\p2p\filterrepeatdata.go:48.51,51.2 2 1
github.com\33cn\chain33\p2p\filterrepeatdata.go:54.53,58.2 2 1
github.com\33cn\chain33\p2p\filterrepeatdata.go:61.49,63.2 1 1
github.com\33cn\chain33\p2p\filterrepeatdata.go:66.30,68.2 1 1
github.com\33cn\chain33\p2p\filterrepeatdata.go:70.37,72.2 1 1
github.com\33cn\chain33\p2p\filterrepeatdata.go:75.41,79.6 4 1
github.com\33cn\chain33\p2p\filterrepeatdata.go:79.6,82.41 3 1
github.com\33cn\chain33\p2p\filterrepeatdata.go:94.3,94.18 1 1
github.com\33cn\chain33\p2p\filterrepeatdata.go:82.41,84.14 2 0
github.com\33cn\chain33\p2p\filterrepeatdata.go:88.4,88.52 1 0
github.com\33cn\chain33\p2p\filterrepeatdata.go:91.4,91.26 1 0
github.com\33cn\chain33\p2p\filterrepeatdata.go:84.14,86.13 2 0
github.com\33cn\chain33\p2p\filterrepeatdata.go:88.52,89.10 1 0
github.com\33cn\chain33\p2p\filterrepeatdata.go:94.18,96.4 1 0
github.com\33cn\chain33\p2p\listener.go:29.28,33.2 2 1
github.com\33cn\chain33\p2p\listener.go:36.28,38.16 2 1
github.com\33cn\chain33\p2p\listener.go:41.2,43.39 3 1
github.com\33cn\chain33\p2p\listener.go:38.16,40.3 1 0
github.com\33cn\chain33\p2p\listener.go:56.56,57.1 1 1
github.com\33cn\chain33\p2p\listener.go:58.2,60.16 3 1
github.com\33cn\chain33\p2p\listener.go:74.2,84.145 4 1
github.com\33cn\chain33\p2p\listener.go:109.2,109.130 1 1
github.com\33cn\chain33\p2p\listener.go:131.2,147.11 16 1
github.com\33cn\chain33\p2p\listener.go:60.16,62.7 2 1
github.com\33cn\chain33\p2p\listener.go:70.3,71.13 2 1
github.com\33cn\chain33\p2p\listener.go:62.7,64.59 2 1
github.com\33cn\chain33\p2p\listener.go:67.4,68.9 2 1
github.com\33cn\chain33\p2p\listener.go:64.59,65.13 1 0
github.com\33cn\chain33\p2p\listener.go:84.145,87.10 2 1
github.com\33cn\chain33\p2p\listener.go:90.3,91.17 2 1
github.com\33cn\chain33\p2p\listener.go:94.3,94.46 1 1
github.com\33cn\chain33\p2p\listener.go:98.3,98.16 1 1
github.com\33cn\chain33\p2p\listener.go:106.3,106.27 1 1
github.com\33cn\chain33\p2p\listener.go:87.10,89.4 1 0
github.com\33cn\chain33\p2p\listener.go:91.17,93.4 1 0
github.com\33cn\chain33\p2p\listener.go:94.46,96.4 1 1
github.com\33cn\chain33\p2p\listener.go:98.16,104.4 3 1
github.com\33cn\chain33\p2p\listener.go:109.130,111.10 2 1
github.com\33cn\chain33\p2p\listener.go:115.3,116.17 2 1
github.com\33cn\chain33\p2p\listener.go:119.3,119.46 1 1
github.com\33cn\chain33\p2p\listener.go:123.3,123.16 1 1
github.com\33cn\chain33\p2p\listener.go:129.3,129.26 1 1
github.com\33cn\chain33\p2p\listener.go:111.10,114.4 2 0
github.com\33cn\chain33\p2p\listener.go:116.17,118.4 1 0
github.com\33cn\chain33\p2p\listener.go:119.46,121.4 1 1
github.com\33cn\chain33\p2p\listener.go:123.16,128.4 3 0
github.com\33cn\chain33\p2p\listener.go:152.94,154.2 1 1
github.com\33cn\chain33\p2p\listener.go:156.92,158.2 1 1
github.com\33cn\chain33\p2p\listener.go:160.75,161.16 1 1
github.com\33cn\chain33\p2p\listener.go:164.2,165.9 2 1
github.com\33cn\chain33\p2p\listener.go:170.2,171.16 2 1
github.com\33cn\chain33\p2p\listener.go:174.2,176.29 3 1
github.com\33cn\chain33\p2p\listener.go:179.2,179.18 1 1
github.com\33cn\chain33\p2p\listener.go:161.16,163.3 1 0
github.com\33cn\chain33\p2p\listener.go:165.9,168.3 2 0
github.com\33cn\chain33\p2p\listener.go:171.16,173.3 1 0
github.com\33cn\chain33\p2p\listener.go:176.29,178.3 1 1
github.com\33cn\chain33\p2p\listener.go:180.24,181.28 1 1
github.com\33cn\chain33\p2p\listener.go:182.22,184.21 2 1
github.com\33cn\chain33\p2p\listener.go:187.3,187.52 1 1
github.com\33cn\chain33\p2p\listener.go:188.10,189.40 1 0
github.com\33cn\chain33\p2p\listener.go:184.21,186.4 1 1
github.com\33cn\chain33\p2p\listener.go:194.73,194.75 0 1
github.com\33cn\chain33\p2p\listener.go:202.76,205.2 2 1
github.com\33cn\chain33\p2p\listener.go:207.32,211.31 4 1
github.com\33cn\chain33\p2p\listener.go:216.2,216.13 1 1
github.com\33cn\chain33\p2p\listener.go:211.31,214.3 2 1
