mode: set
github.com/33cn/chain33/system/p2p/dht/protocol/p2pstore/handler.go:18.64,19.16 1 1
github.com/33cn/chain33/system/p2p/dht/protocol/p2pstore/handler.go:24.2,25.75 2 1
github.com/33cn/chain33/system/p2p/dht/protocol/p2pstore/handler.go:28.2,30.43 2 1
github.com/33cn/chain33/system/p2p/dht/protocol/p2pstore/handler.go:34.2,35.16 2 1
github.com/33cn/chain33/system/p2p/dht/protocol/p2pstore/handler.go:39.2,40.16 2 1
github.com/33cn/chain33/system/p2p/dht/protocol/p2pstore/handler.go:46.2,47.12 2 1
github.com/33cn/chain33/system/p2p/dht/protocol/p2pstore/handler.go:19.16,21.3 1 0
github.com/33cn/chain33/system/p2p/dht/protocol/p2pstore/handler.go:25.75,27.3 1 1
github.com/33cn/chain33/system/p2p/dht/protocol/p2pstore/handler.go:30.43,32.3 1 0
github.com/33cn/chain33/system/p2p/dht/protocol/p2pstore/handler.go:35.16,38.3 2 0
github.com/33cn/chain33/system/p2p/dht/protocol/p2pstore/handler.go:40.16,43.3 2 0
github.com/33cn/chain33/system/p2p/dht/protocol/p2pstore/handler.go:51.91,52.16 1 1
github.com/33cn/chain33/system/p2p/dht/protocol/p2pstore/handler.go:57.2,58.16 2 1
github.com/33cn/chain33/system/p2p/dht/protocol/p2pstore/handler.go:73.2,77.6 4 1
github.com/33cn/chain33/system/p2p/dht/protocol/p2pstore/handler.go:87.2,87.32 1 1
github.com/33cn/chain33/system/p2p/dht/protocol/p2pstore/handler.go:52.16,54.3 1 0
github.com/33cn/chain33/system/p2p/dht/protocol/p2pstore/handler.go:58.16,59.17 1 1
github.com/33cn/chain33/system/p2p/dht/protocol/p2pstore/handler.go:68.3,68.20 1 1
github.com/33cn/chain33/system/p2p/dht/protocol/p2pstore/handler.go:59.17,61.37 2 1
github.com/33cn/chain33/system/p2p/dht/protocol/p2pstore/handler.go:66.4,66.26 1 1
github.com/33cn/chain33/system/p2p/dht/protocol/p2pstore/handler.go:61.37,62.59 1 1
github.com/33cn/chain33/system/p2p/dht/protocol/p2pstore/handler.go:62.59,64.6 1 1
github.com/33cn/chain33/system/p2p/dht/protocol/p2pstore/handler.go:77.6,79.19 2 1
github.com/33cn/chain33/system/p2p/dht/protocol/p2pstore/handler.go:82.3,82.25 1 1
github.com/33cn/chain33/system/p2p/dht/protocol/p2pstore/handler.go:85.3,85.19 1 1
github.com/33cn/chain33/system/p2p/dht/protocol/p2pstore/handler.go:79.19,81.4 1 1
github.com/33cn/chain33/system/p2p/dht/protocol/p2pstore/handler.go:82.25,83.9 1 1
github.com/33cn/chain33/system/p2p/dht/protocol/p2pstore/handler.go:91.90,93.15 2 1
github.com/33cn/chain33/system/p2p/dht/protocol/p2pstore/handler.go:100.2,101.16 2 1
github.com/33cn/chain33/system/p2p/dht/protocol/p2pstore/handler.go:116.2,118.28 3 1
github.com/33cn/chain33/system/p2p/dht/protocol/p2pstore/handler.go:124.2,125.16 2 1
github.com/33cn/chain33/system/p2p/dht/protocol/p2pstore/handler.go:128.2,128.72 1 1
github.com/33cn/chain33/system/p2p/dht/protocol/p2pstore/handler.go:93.15,95.17 2 1
github.com/33cn/chain33/system/p2p/dht/protocol/p2pstore/handler.go:95.17,97.4 1 0
github.com/33cn/chain33/system/p2p/dht/protocol/p2pstore/handler.go:101.16,102.17 1 1
github.com/33cn/chain33/system/p2p/dht/protocol/p2pstore/handler.go:111.3,112.9 2 1
github.com/33cn/chain33/system/p2p/dht/protocol/p2pstore/handler.go:102.17,104.37 2 0
github.com/33cn/chain33/system/p2p/dht/protocol/p2pstore/handler.go:109.4,109.26 1 0
github.com/33cn/chain33/system/p2p/dht/protocol/p2pstore/handler.go:104.37,105.59 1 0
github.com/33cn/chain33/system/p2p/dht/protocol/p2pstore/handler.go:105.59,107.6 1 0
github.com/33cn/chain33/system/p2p/dht/protocol/p2pstore/handler.go:118.28,123.3 1 1
github.com/33cn/chain33/system/p2p/dht/protocol/p2pstore/handler.go:125.16,127.3 1 0
github.com/33cn/chain33/system/p2p/dht/protocol/p2pstore/handler.go:140.83,143.16 2 1
github.com/33cn/chain33/system/p2p/dht/protocol/p2pstore/handler.go:148.2,149.16 2 1
github.com/33cn/chain33/system/p2p/dht/protocol/p2pstore/handler.go:160.2,161.16 2 1
github.com/33cn/chain33/system/p2p/dht/protocol/p2pstore/handler.go:143.16,145.3 1 1
github.com/33cn/chain33/system/p2p/dht/protocol/p2pstore/handler.go:149.16,154.17 3 0
github.com/33cn/chain33/system/p2p/dht/protocol/p2pstore/handler.go:154.17,157.4 2 0
github.com/33cn/chain33/system/p2p/dht/protocol/p2pstore/handler.go:161.16,164.3 2 0
github.com/33cn/chain33/system/p2p/dht/protocol/p2pstore/handler.go:167.81,169.15 2 1
github.com/33cn/chain33/system/p2p/dht/protocol/p2pstore/handler.go:176.2,178.16 3 1
github.com/33cn/chain33/system/p2p/dht/protocol/p2pstore/handler.go:182.2,183.16 2 1
github.com/33cn/chain33/system/p2p/dht/protocol/p2pstore/handler.go:188.2,188.52 1 1
github.com/33cn/chain33/system/p2p/dht/protocol/p2pstore/handler.go:192.2,192.88 1 1
github.com/33cn/chain33/system/p2p/dht/protocol/p2pstore/handler.go:169.15,171.17 2 1
github.com/33cn/chain33/system/p2p/dht/protocol/p2pstore/handler.go:171.17,173.4 1 0
github.com/33cn/chain33/system/p2p/dht/protocol/p2pstore/handler.go:178.16,181.3 2 0
github.com/33cn/chain33/system/p2p/dht/protocol/p2pstore/handler.go:183.16,186.3 2 0
github.com/33cn/chain33/system/p2p/dht/protocol/p2pstore/handler.go:188.52,191.3 2 0
github.com/33cn/chain33/system/p2p/dht/protocol/p2pstore/handler.go:195.92,197.15 2 1
github.com/33cn/chain33/system/p2p/dht/protocol/p2pstore/handler.go:204.2,206.16 3 1
github.com/33cn/chain33/system/p2p/dht/protocol/p2pstore/handler.go:210.2,211.16 2 1
github.com/33cn/chain33/system/p2p/dht/protocol/p2pstore/handler.go:215.2,215.52 1 1
github.com/33cn/chain33/system/p2p/dht/protocol/p2pstore/handler.go:219.2,219.103 1 1
github.com/33cn/chain33/system/p2p/dht/protocol/p2pstore/handler.go:197.15,199.17 2 1
github.com/33cn/chain33/system/p2p/dht/protocol/p2pstore/handler.go:199.17,201.4 1 0
github.com/33cn/chain33/system/p2p/dht/protocol/p2pstore/handler.go:206.16,209.3 2 0
github.com/33cn/chain33/system/p2p/dht/protocol/p2pstore/handler.go:211.16,214.3 2 0
github.com/33cn/chain33/system/p2p/dht/protocol/p2pstore/handler.go:215.52,218.3 2 0
github.com/33cn/chain33/system/p2p/dht/protocol/p2pstore/handler.go:222.65,224.6 2 1
github.com/33cn/chain33/system/p2p/dht/protocol/p2pstore/handler.go:235.2,235.32 1 1
github.com/33cn/chain33/system/p2p/dht/protocol/p2pstore/handler.go:224.6,227.17 3 1
github.com/33cn/chain33/system/p2p/dht/protocol/p2pstore/handler.go:230.3,231.15 2 1
github.com/33cn/chain33/system/p2p/dht/protocol/p2pstore/handler.go:227.17,229.4 1 0
github.com/33cn/chain33/system/p2p/dht/protocol/p2pstore/handler.go:231.15,232.9 1 1
github.com/33cn/chain33/system/p2p/dht/protocol/p2pstore/handler.go:238.66,241.16 3 1
github.com/33cn/chain33/system/p2p/dht/protocol/p2pstore/handler.go:244.2,244.23 1 1
github.com/33cn/chain33/system/p2p/dht/protocol/p2pstore/handler.go:241.16,243.3 1 0
github.com/33cn/chain33/system/p2p/dht/protocol/p2pstore/protocol.go:28.33,45.2 10 1
github.com/33cn/chain33/system/p2p/dht/protocol/p2pstore/protocol.go:48.55,49.15 1 1
github.com/33cn/chain33/system/p2p/dht/protocol/p2pstore/protocol.go:59.2,62.16 4 1
github.com/33cn/chain33/system/p2p/dht/protocol/p2pstore/protocol.go:68.2,68.30 1 1
github.com/33cn/chain33/system/p2p/dht/protocol/p2pstore/protocol.go:49.15,50.31 1 1
github.com/33cn/chain33/system/p2p/dht/protocol/p2pstore/protocol.go:50.31,53.4 2 0
github.com/33cn/chain33/system/p2p/dht/protocol/p2pstore/protocol.go:53.9,55.4 1 1
github.com/33cn/chain33/system/p2p/dht/protocol/p2pstore/protocol.go:62.16,66.3 3 0
github.com/33cn/chain33/system/p2p/dht/protocol/p2pstore/protocol.go:70.48,72.49 1 1
github.com/33cn/chain33/system/p2p/dht/protocol/p2pstore/protocol.go:73.40,75.38 1 1
github.com/33cn/chain33/system/p2p/dht/protocol/p2pstore/protocol.go:76.40,78.40 1 1
github.com/33cn/chain33/system/p2p/dht/protocol/p2pstore/protocol.go:79.46,81.51 1 1
github.com/33cn/chain33/system/p2p/dht/protocol/p2pstore/protocol.go:82.10,83.89 1 0
github.com/33cn/chain33/system/p2p/dht/protocol/p2pstore/protocol.go:89.55,90.15 1 1
github.com/33cn/chain33/system/p2p/dht/protocol/p2pstore/protocol.go:95.2,95.14 1 1
github.com/33cn/chain33/system/p2p/dht/protocol/p2pstore/protocol.go:90.15,91.31 1 1
github.com/33cn/chain33/system/p2p/dht/protocol/p2pstore/protocol.go:91.31,93.4 1 0
github.com/33cn/chain33/system/p2p/dht/protocol/p2pstore/protocol.go:97.35,100.17 3 1
github.com/33cn/chain33/system/p2p/dht/protocol/p2pstore/protocol.go:106.32,114.17 3 1
github.com/33cn/chain33/system/p2p/dht/protocol/p2pstore/protocol.go:118.3,119.45 2 1
github.com/33cn/chain33/system/p2p/dht/protocol/p2pstore/protocol.go:124.3,125.34 2 1
github.com/33cn/chain33/system/p2p/dht/protocol/p2pstore/protocol.go:143.3,145.17 3 1
github.com/33cn/chain33/system/p2p/dht/protocol/p2pstore/protocol.go:150.36,153.17 3 1
github.com/33cn/chain33/system/p2p/dht/protocol/p2pstore/protocol.go:158.3,158.44 1 1
github.com/33cn/chain33/system/p2p/dht/protocol/p2pstore/protocol.go:161.33,164.21 3 1
github.com/33cn/chain33/system/p2p/dht/protocol/p2pstore/protocol.go:168.3,170.17 3 1
github.com/33cn/chain33/system/p2p/dht/protocol/p2pstore/protocol.go:100.17,103.4 2 0
github.com/33cn/chain33/system/p2p/dht/protocol/p2pstore/protocol.go:114.17,117.4 2 0
github.com/33cn/chain33/system/p2p/dht/protocol/p2pstore/protocol.go:119.45,122.4 2 0
github.com/33cn/chain33/system/p2p/dht/protocol/p2pstore/protocol.go:125.34,142.4 4 1
github.com/33cn/chain33/system/p2p/dht/protocol/p2pstore/protocol.go:145.17,147.4 1 0
github.com/33cn/chain33/system/p2p/dht/protocol/p2pstore/protocol.go:153.17,157.4 3 1
github.com/33cn/chain33/system/p2p/dht/protocol/p2pstore/protocol.go:164.21,167.4 2 0
github.com/33cn/chain33/system/p2p/dht/protocol/p2pstore/protocol.go:170.17,172.4 1 0
github.com/33cn/chain33/system/p2p/dht/protocol/p2pstore/query.go:15.75,16.48 1 1
github.com/33cn/chain33/system/p2p/dht/protocol/p2pstore/query.go:25.2,26.25 2 0
github.com/33cn/chain33/system/p2p/dht/protocol/p2pstore/query.go:16.48,18.17 2 1
github.com/33cn/chain33/system/p2p/dht/protocol/p2pstore/query.go:22.3,22.17 1 1
github.com/33cn/chain33/system/p2p/dht/protocol/p2pstore/query.go:18.17,20.12 2 0
github.com/33cn/chain33/system/p2p/dht/protocol/p2pstore/query.go:29.105,33.16 4 1
github.com/33cn/chain33/system/p2p/dht/protocol/p2pstore/query.go:36.2,45.16 5 1
github.com/33cn/chain33/system/p2p/dht/protocol/p2pstore/query.go:49.2,51.16 3 1
github.com/33cn/chain33/system/p2p/dht/protocol/p2pstore/query.go:54.2,54.25 1 1
github.com/33cn/chain33/system/p2p/dht/protocol/p2pstore/query.go:57.2,57.66 1 1
github.com/33cn/chain33/system/p2p/dht/protocol/p2pstore/query.go:33.16,35.3 1 0
github.com/33cn/chain33/system/p2p/dht/protocol/p2pstore/query.go:45.16,48.3 2 0
github.com/33cn/chain33/system/p2p/dht/protocol/p2pstore/query.go:51.16,53.3 1 0
github.com/33cn/chain33/system/p2p/dht/protocol/p2pstore/query.go:54.25,56.3 1 0
github.com/33cn/chain33/system/p2p/dht/protocol/p2pstore/query.go:60.91,61.48 1 1
github.com/33cn/chain33/system/p2p/dht/protocol/p2pstore/query.go:70.2,71.12 2 0
github.com/33cn/chain33/system/p2p/dht/protocol/p2pstore/query.go:61.48,63.17 2 1
github.com/33cn/chain33/system/p2p/dht/protocol/p2pstore/query.go:67.3,67.17 1 1
github.com/33cn/chain33/system/p2p/dht/protocol/p2pstore/query.go:63.17,65.12 2 0
github.com/33cn/chain33/system/p2p/dht/protocol/p2pstore/query.go:74.121,78.16 4 1
github.com/33cn/chain33/system/p2p/dht/protocol/p2pstore/query.go:81.2,90.16 5 1
github.com/33cn/chain33/system/p2p/dht/protocol/p2pstore/query.go:95.2,97.16 3 1
github.com/33cn/chain33/system/p2p/dht/protocol/p2pstore/query.go:100.2,100.25 1 1
github.com/33cn/chain33/system/p2p/dht/protocol/p2pstore/query.go:103.2,103.76 1 1
github.com/33cn/chain33/system/p2p/dht/protocol/p2pstore/query.go:78.16,80.3 1 0
github.com/33cn/chain33/system/p2p/dht/protocol/p2pstore/query.go:90.16,93.3 2 0
github.com/33cn/chain33/system/p2p/dht/protocol/p2pstore/query.go:97.16,99.3 1 0
github.com/33cn/chain33/system/p2p/dht/protocol/p2pstore/query.go:100.25,102.3 1 0
github.com/33cn/chain33/system/p2p/dht/protocol/p2pstore/query.go:106.155,112.31 4 1
github.com/33cn/chain33/system/p2p/dht/protocol/p2pstore/query.go:130.2,131.18 2 1
github.com/33cn/chain33/system/p2p/dht/protocol/p2pstore/query.go:144.2,144.32 1 1
github.com/33cn/chain33/system/p2p/dht/protocol/p2pstore/query.go:148.2,148.22 1 1
github.com/33cn/chain33/system/p2p/dht/protocol/p2pstore/query.go:112.31,113.28 1 1
github.com/33cn/chain33/system/p2p/dht/protocol/p2pstore/query.go:117.3,117.24 1 1
github.com/33cn/chain33/system/p2p/dht/protocol/p2pstore/query.go:113.28,115.12 2 1
github.com/33cn/chain33/system/p2p/dht/protocol/p2pstore/query.go:117.24,119.18 2 1
github.com/33cn/chain33/system/p2p/dht/protocol/p2pstore/query.go:119.18,122.5 2 0
github.com/33cn/chain33/system/p2p/dht/protocol/p2pstore/query.go:122.10,122.27 1 1
github.com/33cn/chain33/system/p2p/dht/protocol/p2pstore/query.go:122.27,124.5 1 1
github.com/33cn/chain33/system/p2p/dht/protocol/p2pstore/query.go:124.10,124.34 1 1
github.com/33cn/chain33/system/p2p/dht/protocol/p2pstore/query.go:124.34,126.5 1 1
github.com/33cn/chain33/system/p2p/dht/protocol/p2pstore/query.go:131.18,133.26 2 1
github.com/33cn/chain33/system/p2p/dht/protocol/p2pstore/query.go:134.26,136.17 1 1
github.com/33cn/chain33/system/p2p/dht/protocol/p2pstore/query.go:137.18,139.17 1 1
github.com/33cn/chain33/system/p2p/dht/protocol/p2pstore/query.go:144.32,146.3 1 0
github.com/33cn/chain33/system/p2p/dht/protocol/p2pstore/query.go:151.154,155.16 4 1
github.com/33cn/chain33/system/p2p/dht/protocol/p2pstore/query.go:159.2,168.16 5 1
github.com/33cn/chain33/system/p2p/dht/protocol/p2pstore/query.go:172.2,174.16 3 1
github.com/33cn/chain33/system/p2p/dht/protocol/p2pstore/query.go:178.2,180.32 2 1
github.com/33cn/chain33/system/p2p/dht/protocol/p2pstore/query.go:211.2,211.37 1 0
github.com/33cn/chain33/system/p2p/dht/protocol/p2pstore/query.go:155.16,158.3 2 0
github.com/33cn/chain33/system/p2p/dht/protocol/p2pstore/query.go:168.16,171.3 2 0
github.com/33cn/chain33/system/p2p/dht/protocol/p2pstore/query.go:174.16,177.3 2 0
github.com/33cn/chain33/system/p2p/dht/protocol/p2pstore/query.go:181.42,182.20 1 1
github.com/33cn/chain33/system/p2p/dht/protocol/p2pstore/query.go:191.3,191.32 1 1
github.com/33cn/chain33/system/p2p/dht/protocol/p2pstore/query.go:192.40,195.17 3 1
github.com/33cn/chain33/system/p2p/dht/protocol/p2pstore/query.go:198.3,200.38 2 1
github.com/33cn/chain33/system/p2p/dht/protocol/p2pstore/query.go:204.3,204.28 1 1
github.com/33cn/chain33/system/p2p/dht/protocol/p2pstore/query.go:205.10,206.26 1 0
github.com/33cn/chain33/system/p2p/dht/protocol/p2pstore/query.go:182.20,184.44 2 0
github.com/33cn/chain33/system/p2p/dht/protocol/p2pstore/query.go:189.4,189.33 1 0
github.com/33cn/chain33/system/p2p/dht/protocol/p2pstore/query.go:184.44,185.65 1 0
github.com/33cn/chain33/system/p2p/dht/protocol/p2pstore/query.go:185.65,187.6 1 0
github.com/33cn/chain33/system/p2p/dht/protocol/p2pstore/query.go:195.17,197.4 1 0
github.com/33cn/chain33/system/p2p/dht/protocol/p2pstore/query.go:200.38,203.4 2 1
github.com/33cn/chain33/system/p2p/dht/protocol/p2pstore/query.go:206.26,208.4 1 0
github.com/33cn/chain33/system/p2p/dht/protocol/p2pstore/query.go:214.99,217.16 3 1
github.com/33cn/chain33/system/p2p/dht/protocol/p2pstore/query.go:220.2,221.16 2 1
github.com/33cn/chain33/system/p2p/dht/protocol/p2pstore/query.go:224.2,224.52 1 1
github.com/33cn/chain33/system/p2p/dht/protocol/p2pstore/query.go:227.2,227.48 1 1
github.com/33cn/chain33/system/p2p/dht/protocol/p2pstore/query.go:217.16,219.3 1 0
github.com/33cn/chain33/system/p2p/dht/protocol/p2pstore/query.go:221.16,223.3 1 0
github.com/33cn/chain33/system/p2p/dht/protocol/p2pstore/query.go:224.52,226.3 1 0
github.com/33cn/chain33/system/p2p/dht/protocol/p2pstore/republish.go:16.42,17.46 1 1
github.com/33cn/chain33/system/p2p/dht/protocol/p2pstore/republish.go:17.46,18.39 1 0
github.com/33cn/chain33/system/p2p/dht/protocol/p2pstore/republish.go:18.39,20.4 1 0
github.com/33cn/chain33/system/p2p/dht/protocol/p2pstore/republish.go:24.43,26.16 2 1
github.com/33cn/chain33/system/p2p/dht/protocol/p2pstore/republish.go:30.2,30.39 1 1
github.com/33cn/chain33/system/p2p/dht/protocol/p2pstore/republish.go:39.2,39.12 1 1
github.com/33cn/chain33/system/p2p/dht/protocol/p2pstore/republish.go:26.16,28.3 1 0
github.com/33cn/chain33/system/p2p/dht/protocol/p2pstore/republish.go:30.39,32.17 2 1
github.com/33cn/chain33/system/p2p/dht/protocol/p2pstore/republish.go:36.3,36.27 1 1
github.com/33cn/chain33/system/p2p/dht/protocol/p2pstore/republish.go:32.17,34.12 2 0
github.com/33cn/chain33/system/p2p/dht/protocol/p2pstore/republish.go:43.64,45.28 2 1
github.com/33cn/chain33/system/p2p/dht/protocol/p2pstore/republish.go:45.28,47.17 2 1
github.com/33cn/chain33/system/p2p/dht/protocol/p2pstore/republish.go:47.17,49.4 1 0
github.com/33cn/chain33/system/p2p/dht/protocol/p2pstore/republish.go:53.83,57.16 4 1
github.com/33cn/chain33/system/p2p/dht/protocol/p2pstore/republish.go:61.2,67.38 4 1
github.com/33cn/chain33/system/p2p/dht/protocol/p2pstore/republish.go:57.16,60.3 2 0
github.com/33cn/chain33/system/p2p/dht/protocol/p2pstore/store.go:22.93,29.16 3 1
github.com/33cn/chain33/system/p2p/dht/protocol/p2pstore/store.go:32.2,32.49 1 1
github.com/33cn/chain33/system/p2p/dht/protocol/p2pstore/store.go:29.16,31.3 1 0
github.com/33cn/chain33/system/p2p/dht/protocol/p2pstore/store.go:36.65,38.16 2 1
github.com/33cn/chain33/system/p2p/dht/protocol/p2pstore/store.go:41.2,43.16 3 1
github.com/33cn/chain33/system/p2p/dht/protocol/p2pstore/store.go:46.2,47.66 2 1
github.com/33cn/chain33/system/p2p/dht/protocol/p2pstore/store.go:38.16,40.3 1 1
github.com/33cn/chain33/system/p2p/dht/protocol/p2pstore/store.go:43.16,45.3 1 0
github.com/33cn/chain33/system/p2p/dht/protocol/p2pstore/store.go:51.79,53.16 2 1
github.com/33cn/chain33/system/p2p/dht/protocol/p2pstore/store.go:56.2,58.16 3 1
github.com/33cn/chain33/system/p2p/dht/protocol/p2pstore/store.go:61.2,61.65 1 1
github.com/33cn/chain33/system/p2p/dht/protocol/p2pstore/store.go:70.2,70.67 1 1
github.com/33cn/chain33/system/p2p/dht/protocol/p2pstore/store.go:53.16,55.3 1 1
github.com/33cn/chain33/system/p2p/dht/protocol/p2pstore/store.go:58.16,60.3 1 0
github.com/33cn/chain33/system/p2p/dht/protocol/p2pstore/store.go:61.65,63.17 2 0
github.com/33cn/chain33/system/p2p/dht/protocol/p2pstore/store.go:67.3,67.33 1 0
github.com/33cn/chain33/system/p2p/dht/protocol/p2pstore/store.go:63.17,66.4 2 0
github.com/33cn/chain33/system/p2p/dht/protocol/p2pstore/store.go:74.61,76.16 2 1
github.com/33cn/chain33/system/p2p/dht/protocol/p2pstore/store.go:79.2,79.39 1 1
github.com/33cn/chain33/system/p2p/dht/protocol/p2pstore/store.go:76.16,78.3 1 0
github.com/33cn/chain33/system/p2p/dht/protocol/p2pstore/store.go:83.72,85.16 2 1
github.com/33cn/chain33/system/p2p/dht/protocol/p2pstore/store.go:89.2,89.50 1 1
github.com/33cn/chain33/system/p2p/dht/protocol/p2pstore/store.go:93.2,95.16 3 1
github.com/33cn/chain33/system/p2p/dht/protocol/p2pstore/store.go:99.2,99.61 1 1
github.com/33cn/chain33/system/p2p/dht/protocol/p2pstore/store.go:85.16,87.3 1 0
github.com/33cn/chain33/system/p2p/dht/protocol/p2pstore/store.go:89.50,91.3 1 0
github.com/33cn/chain33/system/p2p/dht/protocol/p2pstore/store.go:95.16,97.3 1 0
github.com/33cn/chain33/system/p2p/dht/protocol/p2pstore/store.go:102.65,104.16 2 1
github.com/33cn/chain33/system/p2p/dht/protocol/p2pstore/store.go:108.2,110.16 3 1
github.com/33cn/chain33/system/p2p/dht/protocol/p2pstore/store.go:114.2,114.61 1 1
github.com/33cn/chain33/system/p2p/dht/protocol/p2pstore/store.go:104.16,106.3 1 0
github.com/33cn/chain33/system/p2p/dht/protocol/p2pstore/store.go:110.16,112.3 1 0
github.com/33cn/chain33/system/p2p/dht/protocol/p2pstore/store.go:117.85,120.16 2 1
github.com/33cn/chain33/system/p2p/dht/protocol/p2pstore/store.go:123.2,123.9 1 1
github.com/33cn/chain33/system/p2p/dht/protocol/p2pstore/store.go:126.2,127.16 2 1
github.com/33cn/chain33/system/p2p/dht/protocol/p2pstore/store.go:131.2,133.16 3 1
github.com/33cn/chain33/system/p2p/dht/protocol/p2pstore/store.go:137.2,137.26 1 1
github.com/33cn/chain33/system/p2p/dht/protocol/p2pstore/store.go:120.16,122.3 1 0
github.com/33cn/chain33/system/p2p/dht/protocol/p2pstore/store.go:123.9,125.3 1 1
github.com/33cn/chain33/system/p2p/dht/protocol/p2pstore/store.go:127.16,129.3 1 0
github.com/33cn/chain33/system/p2p/dht/protocol/p2pstore/store.go:133.16,135.3 1 0
github.com/33cn/chain33/system/p2p/dht/protocol/p2pstore/store.go:141.39,143.2 1 1
github.com/33cn/chain33/system/p2p/dht/protocol/p2pstore/store.go:145.45,147.2 1 1
